c:\cygwin64\home\rmill7198650\dt.v21\windows\x64\release\vc140.pdb
c:\cygwin64\home\rmill7198650\dt.v21\windows\x64\release\dtverify.obj
c:\cygwin64\home\rmill7198650\dt.v21\windows\x64\release\dtutil.obj
c:\cygwin64\home\rmill7198650\dt.v21\windows\x64\release\dtusage.obj
c:\cygwin64\home\rmill7198650\dt.v21\windows\x64\release\dtstats.obj
c:\cygwin64\home\rmill7198650\dt.v21\windows\x64\release\dtscsi.obj
c:\cygwin64\home\rmill7198650\dt.v21\windows\x64\release\dtread.obj
c:\cygwin64\home\rmill7198650\dt.v21\windows\x64\release\dtprocs.obj
c:\cygwin64\home\rmill7198650\dt.v21\windows\x64\release\dtprint.obj
c:\cygwin64\home\rmill7198650\dt.v21\windows\x64\release\dtmtrand64.obj
c:\cygwin64\home\rmill7198650\dt.v21\windows\x64\release\dtmem.obj
c:\cygwin64\home\rmill7198650\dt.v21\windows\x64\release\dtjobs.obj
c:\cygwin64\home\rmill7198650\dt.v21\windows\x64\release\dtiot.obj
c:\cygwin64\home\rmill7198650\dt.v21\windows\x64\release\dtinfo.obj
c:\cygwin64\home\rmill7198650\dt.v21\windows\x64\release\dthist.obj
c:\cygwin64\home\rmill7198650\dt.v21\windows\x64\release\dtgen.obj
c:\cygwin64\home\rmill7198650\dt.v21\windows\x64\release\dtfs.obj
c:\cygwin64\home\rmill7198650\dt.v21\windows\x64\release\dtfmt.obj
c:\cygwin64\home\rmill7198650\dt.v21\windows\x64\release\dtbtag.obj
c:\cygwin64\home\rmill7198650\dt.v21\windows\x64\release\dtaio.obj
c:\cygwin64\home\rmill7198650\dt.v21\windows\x64\release\dt.obj
c:\cygwin64\home\rmill7198650\dt.v21\windows\x64\release\scsilib.obj
c:\cygwin64\home\rmill7198650\dt.v21\windows\x64\release\scsidata.obj
c:\cygwin64\home\rmill7198650\dt.v21\windows\x64\release\dtwrite.obj
c:\cygwin64\home\rmill7198650\dt.v21\windows\x64\release\dtworkloads.obj
c:\cygwin64\home\rmill7198650\dt.v21\windows\x64\release\dtwin.obj
c:\cygwin64\home\rmill7198650\dt.v21\windows\x64\release\libscsi.obj
c:\cygwin64\home\rmill7198650\dt.v21\windows\x64\release\dt.exe
c:\cygwin64\home\rmill7198650\dt.v21\windows\x64\release\dt.pdb
c:\cygwin64\home\rmill7198650\dt.v21\windows\x64\release\dt.tlog\cl.command.1.tlog
c:\cygwin64\home\rmill7198650\dt.v21\windows\x64\release\dt.tlog\cl.read.1.tlog
c:\cygwin64\home\rmill7198650\dt.v21\windows\x64\release\dt.tlog\cl.write.1.tlog
c:\cygwin64\home\rmill7198650\dt.v21\windows\x64\release\dt.tlog\link.command.1.tlog
c:\cygwin64\home\rmill7198650\dt.v21\windows\x64\release\dt.tlog\link.read.1.tlog
c:\cygwin64\home\rmill7198650\dt.v21\windows\x64\release\dt.tlog\link.write.1.tlog
