  dt.c
  dtaio.c
  dtbtag.c
  dtfmt.c
  dtfs.c
  dtgen.c
  dthist.c
  dtinfo.c
  dtiot.c
  dtjobs.c
  dtmem.c
  dtmtrand64.c
  dtprint.c
  dtprocs.c
  dtread.c
  dtscsi.c
  dtstats.c
  dtusage.c
  dtutil.c
  dtverify.c
  Generating Code...
  Compiling...
  dtwin.c
dtwin.c(238): warning C4311: 'type cast': pointer truncation from 'void *' to 'unsigned int'
  dtworkloads.c
  dtwrite.c
  scsidata.c
  scsilib.c
  Generating Code...
  libscsi.c
  dt.vcxproj -> C:\cygwin64\home\RMill7198650\dt.v21\windows\x64\Release\dt.exe
  dt.vcxproj -> C:\cygwin64\home\RMill7198650\dt.v21\windows\x64\Release\dt.pdb (Full PDB)
