c:\cygwin64\home\robin\dt.v21.11\windows\release\vc140.pdb
c:\cygwin64\home\robin\dt.v21.11\windows\release\dtutil.obj
c:\cygwin64\home\robin\dt.v21.11\windows\release\dtusage.obj
c:\cygwin64\home\robin\dt.v21.11\windows\release\dtstats.obj
c:\cygwin64\home\robin\dt.v21.11\windows\release\dtscsi.obj
c:\cygwin64\home\robin\dt.v21.11\windows\release\dtread.obj
c:\cygwin64\home\robin\dt.v21.11\windows\release\dtprocs.obj
c:\cygwin64\home\robin\dt.v21.11\windows\release\dtprint.obj
c:\cygwin64\home\robin\dt.v21.11\windows\release\dtmtrand64.obj
c:\cygwin64\home\robin\dt.v21.11\windows\release\dtmem.obj
c:\cygwin64\home\robin\dt.v21.11\windows\release\dtjobs.obj
c:\cygwin64\home\robin\dt.v21.11\windows\release\dtiot.obj
c:\cygwin64\home\robin\dt.v21.11\windows\release\dtinfo.obj
c:\cygwin64\home\robin\dt.v21.11\windows\release\dthist.obj
c:\cygwin64\home\robin\dt.v21.11\windows\release\dtgen.obj
c:\cygwin64\home\robin\dt.v21.11\windows\release\dtfs.obj
c:\cygwin64\home\robin\dt.v21.11\windows\release\dtfmt.obj
c:\cygwin64\home\robin\dt.v21.11\windows\release\dtbtag.obj
c:\cygwin64\home\robin\dt.v21.11\windows\release\dtapp.obj
c:\cygwin64\home\robin\dt.v21.11\windows\release\dtaio.obj
c:\cygwin64\home\robin\dt.v21.11\windows\release\dt.obj
c:\cygwin64\home\robin\dt.v21.11\windows\release\scsilib.obj
c:\cygwin64\home\robin\dt.v21.11\windows\release\scsidata.obj
c:\cygwin64\home\robin\dt.v21.11\windows\release\libscsi.obj
c:\cygwin64\home\robin\dt.v21.11\windows\release\dtwrite.obj
c:\cygwin64\home\robin\dt.v21.11\windows\release\dtworkloads.obj
c:\cygwin64\home\robin\dt.v21.11\windows\release\dtwin.obj
c:\cygwin64\home\robin\dt.v21.11\windows\release\dtverify.obj
h:\tools\dt.v21.12\windows\release\vc120.pdb
h:\tools\dt.v21.12\windows\release\dtutil.obj
h:\tools\dt.v21.12\windows\release\dtusage.obj
h:\tools\dt.v21.12\windows\release\dtstats.obj
h:\tools\dt.v21.12\windows\release\dtscsi.obj
h:\tools\dt.v21.12\windows\release\dtread.obj
h:\tools\dt.v21.12\windows\release\dtprint.obj
h:\tools\dt.v21.12\windows\release\dtmtrand64.obj
h:\tools\dt.v21.12\windows\release\dtmem.obj
h:\tools\dt.v21.12\windows\release\dtjobs.obj
h:\tools\dt.v21.12\windows\release\dtiot.obj
h:\tools\dt.v21.12\windows\release\dtinfo.obj
h:\tools\dt.v21.12\windows\release\dthist.obj
h:\tools\dt.v21.12\windows\release\dtgen.obj
h:\tools\dt.v21.12\windows\release\dtfs.obj
h:\tools\dt.v21.12\windows\release\dtfmt.obj
h:\tools\dt.v21.12\windows\release\dtbtag.obj
h:\tools\dt.v21.12\windows\release\dtapp.obj
h:\tools\dt.v21.12\windows\release\dtaio.obj
h:\tools\dt.v21.12\windows\release\dt.obj
h:\tools\dt.v21.12\windows\release\scsilib.obj
h:\tools\dt.v21.12\windows\release\scsidata.obj
h:\tools\dt.v21.12\windows\release\libscsi.obj
h:\tools\dt.v21.12\windows\release\dtwrite.obj
h:\tools\dt.v21.12\windows\release\dtworkloads.obj
h:\tools\dt.v21.12\windows\release\dtwin.obj
h:\tools\dt.v21.12\windows\release\dtverify.obj
c:\cygwin64\home\robin\dt.v21.12\windows\release\vc140.pdb
c:\cygwin64\home\robin\dt.v21.12\windows\release\dtutil.obj
c:\cygwin64\home\robin\dt.v21.12\windows\release\dtusage.obj
c:\cygwin64\home\robin\dt.v21.12\windows\release\dtstats.obj
c:\cygwin64\home\robin\dt.v21.12\windows\release\dtscsi.obj
c:\cygwin64\home\robin\dt.v21.12\windows\release\dtread.obj
c:\cygwin64\home\robin\dt.v21.12\windows\release\dtprocs.obj
c:\cygwin64\home\robin\dt.v21.12\windows\release\dtprint.obj
c:\cygwin64\home\robin\dt.v21.12\windows\release\dtmtrand64.obj
c:\cygwin64\home\robin\dt.v21.12\windows\release\dtmem.obj
c:\cygwin64\home\robin\dt.v21.12\windows\release\dtjobs.obj
c:\cygwin64\home\robin\dt.v21.12\windows\release\dtiot.obj
c:\cygwin64\home\robin\dt.v21.12\windows\release\dtinfo.obj
c:\cygwin64\home\robin\dt.v21.12\windows\release\dthist.obj
c:\cygwin64\home\robin\dt.v21.12\windows\release\dtgen.obj
c:\cygwin64\home\robin\dt.v21.12\windows\release\dtfs.obj
c:\cygwin64\home\robin\dt.v21.12\windows\release\dtfmt.obj
c:\cygwin64\home\robin\dt.v21.12\windows\release\dtbtag.obj
c:\cygwin64\home\robin\dt.v21.12\windows\release\dtapp.obj
c:\cygwin64\home\robin\dt.v21.12\windows\release\dtaio.obj
c:\cygwin64\home\robin\dt.v21.12\windows\release\dt.obj
c:\cygwin64\home\robin\dt.v21.12\windows\release\scsilib.obj
c:\cygwin64\home\robin\dt.v21.12\windows\release\scsidata.obj
c:\cygwin64\home\robin\dt.v21.12\windows\release\libscsi.obj
c:\cygwin64\home\robin\dt.v21.12\windows\release\dtwrite.obj
c:\cygwin64\home\robin\dt.v21.12\windows\release\dtworkloads.obj
c:\cygwin64\home\robin\dt.v21.12\windows\release\dtwin.obj
c:\cygwin64\home\robin\dt.v21.12\windows\release\dtverify.obj
c:\cygwin64\home\robin\dt.v21.11\windows\release\dt.exe
c:\cygwin64\home\robin\dt.v21.11\windows\release\dt.pdb
c:\cygwin64\home\robin\dt.v21.12\windows\release\dt.exe
c:\cygwin64\home\robin\dt.v21.12\windows\release\dt.pdb
c:\cygwin64\home\rmill7198650\dt.v21\windows\.\release\dt.exe
c:\cygwin64\home\rmill7198650\dt.v21\windows\release\dt.tlog\cl.command.1.tlog
c:\cygwin64\home\rmill7198650\dt.v21\windows\release\dt.tlog\cl.read.1.tlog
c:\cygwin64\home\rmill7198650\dt.v21\windows\release\dt.tlog\cl.write.1.tlog
c:\cygwin64\home\rmill7198650\dt.v21\windows\release\dt.tlog\link.command.1.tlog
c:\cygwin64\home\rmill7198650\dt.v21\windows\release\dt.tlog\link.read.1.tlog
c:\cygwin64\home\rmill7198650\dt.v21\windows\release\dt.tlog\link.write.1.tlog
