2007.11.17 19:58 B c:\rmiller\dt.d-WIP\dt-Overview_files\buttons.gif --> roanoke.rtp.netapp.com /u/rtmiller/Tools/dt.d-WIP/dt-Overview_files buttons.gif
2007.11.17 19:58 B c:\rmiller\dt.d-WIP\dt-Overview_files\filelist.xml --> roanoke.rtp.netapp.com /u/rtmiller/Tools/dt.d-WIP/dt-Overview_files filelist.xml
2007.11.17 19:58 B c:\rmiller\dt.d-WIP\dt-Overview_files\frame.htm --> roanoke.rtp.netapp.com /u/rtmiller/Tools/dt.d-WIP/dt-Overview_files frame.htm
2007.11.17 19:58 B c:\rmiller\dt.d-WIP\dt-Overview_files\fullscreen.htm --> roanoke.rtp.netapp.com /u/rtmiller/Tools/dt.d-WIP/dt-Overview_files fullscreen.htm
2007.11.17 19:58 B c:\rmiller\dt.d-WIP\dt-Overview_files\master01.htm --> roanoke.rtp.netapp.com /u/rtmiller/Tools/dt.d-WIP/dt-Overview_files master01.htm
2007.11.17 19:58 B c:\rmiller\dt.d-WIP\dt-Overview_files\master02.htm --> roanoke.rtp.netapp.com /u/rtmiller/Tools/dt.d-WIP/dt-Overview_files master02.htm
2007.11.17 19:58 B c:\rmiller\dt.d-WIP\dt-Overview_files\master03.htm --> roanoke.rtp.netapp.com /u/rtmiller/Tools/dt.d-WIP/dt-Overview_files master03.htm
2007.11.17 19:58 B c:\rmiller\dt.d-WIP\dt-Overview_files\master03.xml --> roanoke.rtp.netapp.com /u/rtmiller/Tools/dt.d-WIP/dt-Overview_files master03.xml
2007.11.17 19:58 B c:\rmiller\dt.d-WIP\dt-Overview_files\master03_image003.gif --> roanoke.rtp.netapp.com /u/rtmiller/Tools/dt.d-WIP/dt-Overview_files master03_image003.gif
2007.11.17 19:58 B c:\rmiller\dt.d-WIP\dt-Overview_files\master03_stylesheet.css --> roanoke.rtp.netapp.com /u/rtmiller/Tools/dt.d-WIP/dt-Overview_files master03_stylesheet.css
2007.11.17 19:58 B c:\rmiller\dt.d-WIP\dt-Overview_files\master04.htm --> roanoke.rtp.netapp.com /u/rtmiller/Tools/dt.d-WIP/dt-Overview_files master04.htm
2007.11.17 19:58 B c:\rmiller\dt.d-WIP\dt-Overview_files\master04.xml --> roanoke.rtp.netapp.com /u/rtmiller/Tools/dt.d-WIP/dt-Overview_files master04.xml
2007.11.17 19:58 B c:\rmiller\dt.d-WIP\dt-Overview_files\master04_image001.gif --> roanoke.rtp.netapp.com /u/rtmiller/Tools/dt.d-WIP/dt-Overview_files master04_image001.gif
2007.11.17 19:58 B c:\rmiller\dt.d-WIP\dt-Overview_files\master04_image002.gif --> roanoke.rtp.netapp.com /u/rtmiller/Tools/dt.d-WIP/dt-Overview_files master04_image002.gif
2007.11.17 19:58 B c:\rmiller\dt.d-WIP\dt-Overview_files\outline.htm --> roanoke.rtp.netapp.com /u/rtmiller/Tools/dt.d-WIP/dt-Overview_files outline.htm
2007.11.17 19:58 B c:\rmiller\dt.d-WIP\dt-Overview_files\pres.xml --> roanoke.rtp.netapp.com /u/rtmiller/Tools/dt.d-WIP/dt-Overview_files pres.xml
2007.11.17 19:58 B c:\rmiller\dt.d-WIP\dt-Overview_files\preview.wmf --> roanoke.rtp.netapp.com /u/rtmiller/Tools/dt.d-WIP/dt-Overview_files preview.wmf
2007.11.17 19:58 B c:\rmiller\dt.d-WIP\dt-Overview_files\script.js --> roanoke.rtp.netapp.com /u/rtmiller/Tools/dt.d-WIP/dt-Overview_files script.js
2007.11.17 19:58 B c:\rmiller\dt.d-WIP\dt-Overview_files\slide0001.htm --> roanoke.rtp.netapp.com /u/rtmiller/Tools/dt.d-WIP/dt-Overview_files slide0001.htm
2007.11.17 19:58 B c:\rmiller\dt.d-WIP\dt-Overview_files\slide0002.htm --> roanoke.rtp.netapp.com /u/rtmiller/Tools/dt.d-WIP/dt-Overview_files slide0002.htm
2007.11.17 19:58 B c:\rmiller\dt.d-WIP\dt-Overview_files\slide0003.htm --> roanoke.rtp.netapp.com /u/rtmiller/Tools/dt.d-WIP/dt-Overview_files slide0003.htm
2007.11.17 19:58 B c:\rmiller\dt.d-WIP\dt-Overview_files\slide0005.htm --> roanoke.rtp.netapp.com /u/rtmiller/Tools/dt.d-WIP/dt-Overview_files slide0005.htm
2007.11.17 19:58 B c:\rmiller\dt.d-WIP\dt-Overview_files\slide0006.htm --> roanoke.rtp.netapp.com /u/rtmiller/Tools/dt.d-WIP/dt-Overview_files slide0006.htm
2007.11.17 19:58 B c:\rmiller\dt.d-WIP\dt-Overview_files\slide0007.htm --> roanoke.rtp.netapp.com /u/rtmiller/Tools/dt.d-WIP/dt-Overview_files slide0007.htm
2007.11.17 19:58 B c:\rmiller\dt.d-WIP\dt-Overview_files\slide0008.htm --> roanoke.rtp.netapp.com /u/rtmiller/Tools/dt.d-WIP/dt-Overview_files slide0008.htm
2007.11.17 19:58 B c:\rmiller\dt.d-WIP\dt-Overview_files\slide0010.htm --> roanoke.rtp.netapp.com /u/rtmiller/Tools/dt.d-WIP/dt-Overview_files slide0010.htm
2007.11.17 19:58 B c:\rmiller\dt.d-WIP\dt-Overview_files\slide0011.htm --> roanoke.rtp.netapp.com /u/rtmiller/Tools/dt.d-WIP/dt-Overview_files slide0011.htm
2007.11.17 19:58 B c:\rmiller\dt.d-WIP\dt-Overview_files\slide0012.htm --> roanoke.rtp.netapp.com /u/rtmiller/Tools/dt.d-WIP/dt-Overview_files slide0012.htm
2007.11.17 19:58 B c:\rmiller\dt.d-WIP\dt-Overview_files\slide0014.htm --> roanoke.rtp.netapp.com /u/rtmiller/Tools/dt.d-WIP/dt-Overview_files slide0014.htm
2007.11.17 19:58 B c:\rmiller\dt.d-WIP\dt-Overview_files\slide0016.htm --> roanoke.rtp.netapp.com /u/rtmiller/Tools/dt.d-WIP/dt-Overview_files slide0016.htm
2007.11.17 19:58 B c:\rmiller\dt.d-WIP\dt-Overview_files\slide0017.htm --> roanoke.rtp.netapp.com /u/rtmiller/Tools/dt.d-WIP/dt-Overview_files slide0017.htm
2007.11.17 19:58 B c:\rmiller\dt.d-WIP\dt-Overview_files\slide0019.htm --> roanoke.rtp.netapp.com /u/rtmiller/Tools/dt.d-WIP/dt-Overview_files slide0019.htm
2007.11.17 19:58 B c:\rmiller\dt.d-WIP\dt-Overview_files\slide0020.htm --> roanoke.rtp.netapp.com /u/rtmiller/Tools/dt.d-WIP/dt-Overview_files slide0020.htm
2007.11.17 19:58 B c:\rmiller\dt.d-WIP\dt-Overview_files\slide0021.htm --> roanoke.rtp.netapp.com /u/rtmiller/Tools/dt.d-WIP/dt-Overview_files slide0021.htm
2007.11.17 19:58 B c:\rmiller\dt.d-WIP\dt-Overview_files\slide0022.htm --> roanoke.rtp.netapp.com /u/rtmiller/Tools/dt.d-WIP/dt-Overview_files slide0022.htm
2007.11.17 19:58 B c:\rmiller\dt.d-WIP\dt-Overview_files\slide0023.htm --> roanoke.rtp.netapp.com /u/rtmiller/Tools/dt.d-WIP/dt-Overview_files slide0023.htm
2007.11.17 19:58 B c:\rmiller\dt.d-WIP\dt-Overview_files\slide0024.htm --> roanoke.rtp.netapp.com /u/rtmiller/Tools/dt.d-WIP/dt-Overview_files slide0024.htm
2007.11.17 19:58 B c:\rmiller\dt.d-WIP\dt-Overview_files\slide0025.htm --> roanoke.rtp.netapp.com /u/rtmiller/Tools/dt.d-WIP/dt-Overview_files slide0025.htm
2007.11.17 19:58 B c:\rmiller\dt.d-WIP\dt-Overview_files\slide0026.htm --> roanoke.rtp.netapp.com /u/rtmiller/Tools/dt.d-WIP/dt-Overview_files slide0026.htm
2007.11.17 19:58 B c:\rmiller\dt.d-WIP\dt-Overview_files\slide0027.htm --> roanoke.rtp.netapp.com /u/rtmiller/Tools/dt.d-WIP/dt-Overview_files slide0027.htm
2007.11.17 19:58 B c:\rmiller\dt.d-WIP\dt-Overview_files\slide0028.htm --> roanoke.rtp.netapp.com /u/rtmiller/Tools/dt.d-WIP/dt-Overview_files slide0028.htm
2007.11.17 19:58 B c:\rmiller\dt.d-WIP\dt-Overview_files\slide0029.htm --> roanoke.rtp.netapp.com /u/rtmiller/Tools/dt.d-WIP/dt-Overview_files slide0029.htm
2007.11.17 19:58 B c:\rmiller\dt.d-WIP\dt-Overview_files\slide0030.htm --> roanoke.rtp.netapp.com /u/rtmiller/Tools/dt.d-WIP/dt-Overview_files slide0030.htm
2007.11.17 19:58 B c:\rmiller\dt.d-WIP\dt-Overview_files\slide0031.htm --> roanoke.rtp.netapp.com /u/rtmiller/Tools/dt.d-WIP/dt-Overview_files slide0031.htm
2007.11.17 19:58 B c:\rmiller\dt.d-WIP\dt-Overview_files\slide0032.htm --> roanoke.rtp.netapp.com /u/rtmiller/Tools/dt.d-WIP/dt-Overview_files slide0032.htm
2007.11.17 19:58 B c:\rmiller\dt.d-WIP\dt-Overview_files\slide0033.htm --> roanoke.rtp.netapp.com /u/rtmiller/Tools/dt.d-WIP/dt-Overview_files slide0033.htm
2007.11.17 19:58 B c:\rmiller\dt.d-WIP\dt-Overview_files\slide0035.htm --> roanoke.rtp.netapp.com /u/rtmiller/Tools/dt.d-WIP/dt-Overview_files slide0035.htm
2007.11.17 19:58 B c:\rmiller\dt.d-WIP\dt-Overview_files\slide0036.htm --> roanoke.rtp.netapp.com /u/rtmiller/Tools/dt.d-WIP/dt-Overview_files slide0036.htm
2007.11.17 19:58 B c:\rmiller\dt.d-WIP\dt-Overview_files\slide0037.htm --> roanoke.rtp.netapp.com /u/rtmiller/Tools/dt.d-WIP/dt-Overview_files slide0037.htm
2007.11.17 19:58 B c:\rmiller\dt.d-WIP\dt-Overview_files\slide0038.htm --> roanoke.rtp.netapp.com /u/rtmiller/Tools/dt.d-WIP/dt-Overview_files slide0038.htm
2007.11.17 19:58 B c:\rmiller\dt.d-WIP\dt-Overview_files\slide0039.htm --> roanoke.rtp.netapp.com /u/rtmiller/Tools/dt.d-WIP/dt-Overview_files slide0039.htm
2007.11.17 19:58 B c:\rmiller\dt.d-WIP\dt-Overview_files\slide0040.htm --> roanoke.rtp.netapp.com /u/rtmiller/Tools/dt.d-WIP/dt-Overview_files slide0040.htm
2007.11.17 19:58 B c:\rmiller\dt.d-WIP\dt-Overview_files\slide0041.htm --> roanoke.rtp.netapp.com /u/rtmiller/Tools/dt.d-WIP/dt-Overview_files slide0041.htm
2007.11.17 19:58 B c:\rmiller\dt.d-WIP\dt-Overview_files\slide0042.htm --> roanoke.rtp.netapp.com /u/rtmiller/Tools/dt.d-WIP/dt-Overview_files slide0042.htm
2007.11.17 19:58 B c:\rmiller\dt.d-WIP\dt-Overview_files\slide0043.htm --> roanoke.rtp.netapp.com /u/rtmiller/Tools/dt.d-WIP/dt-Overview_files slide0043.htm
2007.11.17 19:58 B c:\rmiller\dt.d-WIP\dt-Overview_files\slide0044.htm --> roanoke.rtp.netapp.com /u/rtmiller/Tools/dt.d-WIP/dt-Overview_files slide0044.htm
2007.11.17 19:58 B c:\rmiller\dt.d-WIP\dt-Overview_files\slide0045.htm --> roanoke.rtp.netapp.com /u/rtmiller/Tools/dt.d-WIP/dt-Overview_files slide0045.htm
2007.11.17 19:58 B c:\rmiller\dt.d-WIP\dt-Overview_files\slide0046.htm --> roanoke.rtp.netapp.com /u/rtmiller/Tools/dt.d-WIP/dt-Overview_files slide0046.htm
2007.11.17 19:58 B c:\rmiller\dt.d-WIP\dt-Overview_files\slide0047.htm --> roanoke.rtp.netapp.com /u/rtmiller/Tools/dt.d-WIP/dt-Overview_files slide0047.htm
2007.11.17 19:58 B c:\rmiller\dt.d-WIP\dt-Overview_files\slide0048.htm --> roanoke.rtp.netapp.com /u/rtmiller/Tools/dt.d-WIP/dt-Overview_files slide0048.htm
2007.11.17 19:58 B c:\rmiller\dt.d-WIP\dt-Overview_files\slide0048_image004.gif --> roanoke.rtp.netapp.com /u/rtmiller/Tools/dt.d-WIP/dt-Overview_files slide0048_image004.gif
2007.11.17 19:58 B c:\rmiller\dt.d-WIP\dt-Overview_files\slide0049.htm --> roanoke.rtp.netapp.com /u/rtmiller/Tools/dt.d-WIP/dt-Overview_files slide0049.htm
2007.11.17 19:58 B c:\rmiller\dt.d-WIP\dt-Overview_files\slide0050.htm --> roanoke.rtp.netapp.com /u/rtmiller/Tools/dt.d-WIP/dt-Overview_files slide0050.htm
2007.11.17 19:58 B c:\rmiller\dt.d-WIP\dt-Overview_files\slide0051.htm --> roanoke.rtp.netapp.com /u/rtmiller/Tools/dt.d-WIP/dt-Overview_files slide0051.htm
2007.11.17 19:58 B c:\rmiller\dt.d-WIP\dt-Overview_files\slide0052.htm --> roanoke.rtp.netapp.com /u/rtmiller/Tools/dt.d-WIP/dt-Overview_files slide0052.htm
2007.11.17 19:58 B c:\rmiller\dt.d-WIP\dt-Overview_files\slide0053.htm --> roanoke.rtp.netapp.com /u/rtmiller/Tools/dt.d-WIP/dt-Overview_files slide0053.htm
2007.11.17 19:58 B c:\rmiller\dt.d-WIP\dt-Overview_files\slide0054.htm --> roanoke.rtp.netapp.com /u/rtmiller/Tools/dt.d-WIP/dt-Overview_files slide0054.htm
2007.11.17 19:58 B c:\rmiller\dt.d-WIP\dt-Overview_files\slide0055.htm --> roanoke.rtp.netapp.com /u/rtmiller/Tools/dt.d-WIP/dt-Overview_files slide0055.htm
2007.11.17 19:58 B c:\rmiller\dt.d-WIP\dt-Overview_files\slide0056.htm --> roanoke.rtp.netapp.com /u/rtmiller/Tools/dt.d-WIP/dt-Overview_files slide0056.htm
2007.11.17 19:58 B c:\rmiller\dt.d-WIP\dt-Overview_files\slide0057.htm --> roanoke.rtp.netapp.com /u/rtmiller/Tools/dt.d-WIP/dt-Overview_files slide0057.htm
2008.11.16 17:44 B c:\rmiller\dt.d-WIP\dt-Overview_files\buttons.gif --> roanoke.rtp.netapp.com /u/rtmiller/Tools/dt.d-WIP/dt-Overview_files buttons.gif
2008.11.16 17:44 B c:\rmiller\dt.d-WIP\dt-Overview_files\filelist.xml --> roanoke.rtp.netapp.com /u/rtmiller/Tools/dt.d-WIP/dt-Overview_files filelist.xml
2008.11.16 17:44 B c:\rmiller\dt.d-WIP\dt-Overview_files\frame.htm --> roanoke.rtp.netapp.com /u/rtmiller/Tools/dt.d-WIP/dt-Overview_files frame.htm
2008.11.16 17:44 B c:\rmiller\dt.d-WIP\dt-Overview_files\fullscreen.htm --> roanoke.rtp.netapp.com /u/rtmiller/Tools/dt.d-WIP/dt-Overview_files fullscreen.htm
2008.11.16 17:44 B c:\rmiller\dt.d-WIP\dt-Overview_files\master01.htm --> roanoke.rtp.netapp.com /u/rtmiller/Tools/dt.d-WIP/dt-Overview_files master01.htm
2008.11.16 17:44 B c:\rmiller\dt.d-WIP\dt-Overview_files\master02.htm --> roanoke.rtp.netapp.com /u/rtmiller/Tools/dt.d-WIP/dt-Overview_files master02.htm
2008.11.16 17:44 B c:\rmiller\dt.d-WIP\dt-Overview_files\master03.htm --> roanoke.rtp.netapp.com /u/rtmiller/Tools/dt.d-WIP/dt-Overview_files master03.htm
2008.11.16 17:44 B c:\rmiller\dt.d-WIP\dt-Overview_files\master03.xml --> roanoke.rtp.netapp.com /u/rtmiller/Tools/dt.d-WIP/dt-Overview_files master03.xml
2008.11.16 17:44 B c:\rmiller\dt.d-WIP\dt-Overview_files\master03_image003.gif --> roanoke.rtp.netapp.com /u/rtmiller/Tools/dt.d-WIP/dt-Overview_files master03_image003.gif
2008.11.16 17:44 B c:\rmiller\dt.d-WIP\dt-Overview_files\master03_stylesheet.css --> roanoke.rtp.netapp.com /u/rtmiller/Tools/dt.d-WIP/dt-Overview_files master03_stylesheet.css
2008.11.16 17:44 B c:\rmiller\dt.d-WIP\dt-Overview_files\master04.htm --> roanoke.rtp.netapp.com /u/rtmiller/Tools/dt.d-WIP/dt-Overview_files master04.htm
2008.11.16 17:44 B c:\rmiller\dt.d-WIP\dt-Overview_files\master04.xml --> roanoke.rtp.netapp.com /u/rtmiller/Tools/dt.d-WIP/dt-Overview_files master04.xml
2008.11.16 17:44 B c:\rmiller\dt.d-WIP\dt-Overview_files\master04_image001.gif --> roanoke.rtp.netapp.com /u/rtmiller/Tools/dt.d-WIP/dt-Overview_files master04_image001.gif
2008.11.16 17:44 B c:\rmiller\dt.d-WIP\dt-Overview_files\master04_image002.gif --> roanoke.rtp.netapp.com /u/rtmiller/Tools/dt.d-WIP/dt-Overview_files master04_image002.gif
2008.11.16 17:44 B c:\rmiller\dt.d-WIP\dt-Overview_files\outline.htm --> roanoke.rtp.netapp.com /u/rtmiller/Tools/dt.d-WIP/dt-Overview_files outline.htm
2008.11.16 17:44 B c:\rmiller\dt.d-WIP\dt-Overview_files\pres.xml --> roanoke.rtp.netapp.com /u/rtmiller/Tools/dt.d-WIP/dt-Overview_files pres.xml
2008.11.16 17:44 B c:\rmiller\dt.d-WIP\dt-Overview_files\preview.wmf --> roanoke.rtp.netapp.com /u/rtmiller/Tools/dt.d-WIP/dt-Overview_files preview.wmf
2008.11.16 17:44 B c:\rmiller\dt.d-WIP\dt-Overview_files\script.js --> roanoke.rtp.netapp.com /u/rtmiller/Tools/dt.d-WIP/dt-Overview_files script.js
2008.11.16 17:44 B c:\rmiller\dt.d-WIP\dt-Overview_files\slide0001.htm --> roanoke.rtp.netapp.com /u/rtmiller/Tools/dt.d-WIP/dt-Overview_files slide0001.htm
2008.11.16 17:44 B c:\rmiller\dt.d-WIP\dt-Overview_files\slide0002.htm --> roanoke.rtp.netapp.com /u/rtmiller/Tools/dt.d-WIP/dt-Overview_files slide0002.htm
2008.11.16 17:44 B c:\rmiller\dt.d-WIP\dt-Overview_files\slide0003.htm --> roanoke.rtp.netapp.com /u/rtmiller/Tools/dt.d-WIP/dt-Overview_files slide0003.htm
2008.11.16 17:44 B c:\rmiller\dt.d-WIP\dt-Overview_files\slide0005.htm --> roanoke.rtp.netapp.com /u/rtmiller/Tools/dt.d-WIP/dt-Overview_files slide0005.htm
2008.11.16 17:44 B c:\rmiller\dt.d-WIP\dt-Overview_files\slide0006.htm --> roanoke.rtp.netapp.com /u/rtmiller/Tools/dt.d-WIP/dt-Overview_files slide0006.htm
2008.11.16 17:44 B c:\rmiller\dt.d-WIP\dt-Overview_files\slide0007.htm --> roanoke.rtp.netapp.com /u/rtmiller/Tools/dt.d-WIP/dt-Overview_files slide0007.htm
2008.11.16 17:44 B c:\rmiller\dt.d-WIP\dt-Overview_files\slide0008.htm --> roanoke.rtp.netapp.com /u/rtmiller/Tools/dt.d-WIP/dt-Overview_files slide0008.htm
2008.11.16 17:44 B c:\rmiller\dt.d-WIP\dt-Overview_files\slide0010.htm --> roanoke.rtp.netapp.com /u/rtmiller/Tools/dt.d-WIP/dt-Overview_files slide0010.htm
2008.11.16 17:44 B c:\rmiller\dt.d-WIP\dt-Overview_files\slide0011.htm --> roanoke.rtp.netapp.com /u/rtmiller/Tools/dt.d-WIP/dt-Overview_files slide0011.htm
2008.11.16 17:44 B c:\rmiller\dt.d-WIP\dt-Overview_files\slide0012.htm --> roanoke.rtp.netapp.com /u/rtmiller/Tools/dt.d-WIP/dt-Overview_files slide0012.htm
2008.11.16 17:44 B c:\rmiller\dt.d-WIP\dt-Overview_files\slide0014.htm --> roanoke.rtp.netapp.com /u/rtmiller/Tools/dt.d-WIP/dt-Overview_files slide0014.htm
2008.11.16 17:44 B c:\rmiller\dt.d-WIP\dt-Overview_files\slide0016.htm --> roanoke.rtp.netapp.com /u/rtmiller/Tools/dt.d-WIP/dt-Overview_files slide0016.htm
2008.11.16 17:44 B c:\rmiller\dt.d-WIP\dt-Overview_files\slide0017.htm --> roanoke.rtp.netapp.com /u/rtmiller/Tools/dt.d-WIP/dt-Overview_files slide0017.htm
2008.11.16 17:44 B c:\rmiller\dt.d-WIP\dt-Overview_files\slide0019.htm --> roanoke.rtp.netapp.com /u/rtmiller/Tools/dt.d-WIP/dt-Overview_files slide0019.htm
2008.11.16 17:44 B c:\rmiller\dt.d-WIP\dt-Overview_files\slide0020.htm --> roanoke.rtp.netapp.com /u/rtmiller/Tools/dt.d-WIP/dt-Overview_files slide0020.htm
2008.11.16 17:45 B c:\rmiller\dt.d-WIP\dt-Overview_files\slide0021.htm --> roanoke.rtp.netapp.com /u/rtmiller/Tools/dt.d-WIP/dt-Overview_files slide0021.htm
2008.11.16 17:45 B c:\rmiller\dt.d-WIP\dt-Overview_files\slide0022.htm --> roanoke.rtp.netapp.com /u/rtmiller/Tools/dt.d-WIP/dt-Overview_files slide0022.htm
2008.11.16 17:45 B c:\rmiller\dt.d-WIP\dt-Overview_files\slide0023.htm --> roanoke.rtp.netapp.com /u/rtmiller/Tools/dt.d-WIP/dt-Overview_files slide0023.htm
2008.11.16 17:45 B c:\rmiller\dt.d-WIP\dt-Overview_files\slide0024.htm --> roanoke.rtp.netapp.com /u/rtmiller/Tools/dt.d-WIP/dt-Overview_files slide0024.htm
2008.11.16 17:45 B c:\rmiller\dt.d-WIP\dt-Overview_files\slide0025.htm --> roanoke.rtp.netapp.com /u/rtmiller/Tools/dt.d-WIP/dt-Overview_files slide0025.htm
2008.11.16 17:45 B c:\rmiller\dt.d-WIP\dt-Overview_files\slide0026.htm --> roanoke.rtp.netapp.com /u/rtmiller/Tools/dt.d-WIP/dt-Overview_files slide0026.htm
2008.11.16 17:45 B c:\rmiller\dt.d-WIP\dt-Overview_files\slide0027.htm --> roanoke.rtp.netapp.com /u/rtmiller/Tools/dt.d-WIP/dt-Overview_files slide0027.htm
2008.11.16 17:45 B c:\rmiller\dt.d-WIP\dt-Overview_files\slide0028.htm --> roanoke.rtp.netapp.com /u/rtmiller/Tools/dt.d-WIP/dt-Overview_files slide0028.htm
2008.11.16 17:45 B c:\rmiller\dt.d-WIP\dt-Overview_files\slide0029.htm --> roanoke.rtp.netapp.com /u/rtmiller/Tools/dt.d-WIP/dt-Overview_files slide0029.htm
2008.11.16 17:45 B c:\rmiller\dt.d-WIP\dt-Overview_files\slide0030.htm --> roanoke.rtp.netapp.com /u/rtmiller/Tools/dt.d-WIP/dt-Overview_files slide0030.htm
2008.11.16 17:45 B c:\rmiller\dt.d-WIP\dt-Overview_files\slide0031.htm --> roanoke.rtp.netapp.com /u/rtmiller/Tools/dt.d-WIP/dt-Overview_files slide0031.htm
2008.11.16 17:45 B c:\rmiller\dt.d-WIP\dt-Overview_files\slide0032.htm --> roanoke.rtp.netapp.com /u/rtmiller/Tools/dt.d-WIP/dt-Overview_files slide0032.htm
2008.11.16 17:45 B c:\rmiller\dt.d-WIP\dt-Overview_files\slide0033.htm --> roanoke.rtp.netapp.com /u/rtmiller/Tools/dt.d-WIP/dt-Overview_files slide0033.htm
2008.11.16 17:45 B c:\rmiller\dt.d-WIP\dt-Overview_files\slide0035.htm --> roanoke.rtp.netapp.com /u/rtmiller/Tools/dt.d-WIP/dt-Overview_files slide0035.htm
2008.11.16 17:45 B c:\rmiller\dt.d-WIP\dt-Overview_files\slide0036.htm --> roanoke.rtp.netapp.com /u/rtmiller/Tools/dt.d-WIP/dt-Overview_files slide0036.htm
2008.11.16 17:45 B c:\rmiller\dt.d-WIP\dt-Overview_files\slide0037.htm --> roanoke.rtp.netapp.com /u/rtmiller/Tools/dt.d-WIP/dt-Overview_files slide0037.htm
2008.11.16 17:45 B c:\rmiller\dt.d-WIP\dt-Overview_files\slide0038.htm --> roanoke.rtp.netapp.com /u/rtmiller/Tools/dt.d-WIP/dt-Overview_files slide0038.htm
2008.11.16 17:45 B c:\rmiller\dt.d-WIP\dt-Overview_files\slide0039.htm --> roanoke.rtp.netapp.com /u/rtmiller/Tools/dt.d-WIP/dt-Overview_files slide0039.htm
2008.11.16 17:45 B c:\rmiller\dt.d-WIP\dt-Overview_files\slide0040.htm --> roanoke.rtp.netapp.com /u/rtmiller/Tools/dt.d-WIP/dt-Overview_files slide0040.htm
2008.11.16 17:45 B c:\rmiller\dt.d-WIP\dt-Overview_files\slide0041.htm --> roanoke.rtp.netapp.com /u/rtmiller/Tools/dt.d-WIP/dt-Overview_files slide0041.htm
2008.11.16 17:45 B c:\rmiller\dt.d-WIP\dt-Overview_files\slide0042.htm --> roanoke.rtp.netapp.com /u/rtmiller/Tools/dt.d-WIP/dt-Overview_files slide0042.htm
2008.11.16 17:45 B c:\rmiller\dt.d-WIP\dt-Overview_files\slide0043.htm --> roanoke.rtp.netapp.com /u/rtmiller/Tools/dt.d-WIP/dt-Overview_files slide0043.htm
2008.11.16 17:45 B c:\rmiller\dt.d-WIP\dt-Overview_files\slide0044.htm --> roanoke.rtp.netapp.com /u/rtmiller/Tools/dt.d-WIP/dt-Overview_files slide0044.htm
2008.11.16 17:45 B c:\rmiller\dt.d-WIP\dt-Overview_files\slide0045.htm --> roanoke.rtp.netapp.com /u/rtmiller/Tools/dt.d-WIP/dt-Overview_files slide0045.htm
2008.11.16 17:45 B c:\rmiller\dt.d-WIP\dt-Overview_files\slide0046.htm --> roanoke.rtp.netapp.com /u/rtmiller/Tools/dt.d-WIP/dt-Overview_files slide0046.htm
2008.11.16 17:45 B c:\rmiller\dt.d-WIP\dt-Overview_files\slide0047.htm --> roanoke.rtp.netapp.com /u/rtmiller/Tools/dt.d-WIP/dt-Overview_files slide0047.htm
2008.11.16 17:45 B c:\rmiller\dt.d-WIP\dt-Overview_files\slide0048.htm --> roanoke.rtp.netapp.com /u/rtmiller/Tools/dt.d-WIP/dt-Overview_files slide0048.htm
2008.11.16 17:45 B c:\rmiller\dt.d-WIP\dt-Overview_files\slide0048_image004.gif --> roanoke.rtp.netapp.com /u/rtmiller/Tools/dt.d-WIP/dt-Overview_files slide0048_image004.gif
2008.11.16 17:45 B c:\rmiller\dt.d-WIP\dt-Overview_files\slide0049.htm --> roanoke.rtp.netapp.com /u/rtmiller/Tools/dt.d-WIP/dt-Overview_files slide0049.htm
2008.11.16 17:45 B c:\rmiller\dt.d-WIP\dt-Overview_files\slide0050.htm --> roanoke.rtp.netapp.com /u/rtmiller/Tools/dt.d-WIP/dt-Overview_files slide0050.htm
2008.11.16 17:45 B c:\rmiller\dt.d-WIP\dt-Overview_files\slide0051.htm --> roanoke.rtp.netapp.com /u/rtmiller/Tools/dt.d-WIP/dt-Overview_files slide0051.htm
2008.11.16 17:45 B c:\rmiller\dt.d-WIP\dt-Overview_files\slide0052.htm --> roanoke.rtp.netapp.com /u/rtmiller/Tools/dt.d-WIP/dt-Overview_files slide0052.htm
2008.11.16 17:45 B c:\rmiller\dt.d-WIP\dt-Overview_files\slide0053.htm --> roanoke.rtp.netapp.com /u/rtmiller/Tools/dt.d-WIP/dt-Overview_files slide0053.htm
2008.11.16 17:45 B c:\rmiller\dt.d-WIP\dt-Overview_files\slide0054.htm --> roanoke.rtp.netapp.com /u/rtmiller/Tools/dt.d-WIP/dt-Overview_files slide0054.htm
2008.11.16 17:45 B c:\rmiller\dt.d-WIP\dt-Overview_files\slide0055.htm --> roanoke.rtp.netapp.com /u/rtmiller/Tools/dt.d-WIP/dt-Overview_files slide0055.htm
2008.11.16 17:45 B c:\rmiller\dt.d-WIP\dt-Overview_files\slide0056.htm --> roanoke.rtp.netapp.com /u/rtmiller/Tools/dt.d-WIP/dt-Overview_files slide0056.htm
2008.11.16 17:45 B c:\rmiller\dt.d-WIP\dt-Overview_files\slide0057.htm --> roanoke.rtp.netapp.com /u/rtmiller/Tools/dt.d-WIP/dt-Overview_files slide0057.htm
2008.11.16 17:45 B c:\rmiller\dt.d-WIP\dt-Overview_files\slide0058.htm --> roanoke.rtp.netapp.com /u/rtmiller/Tools/dt.d-WIP/dt-Overview_files slide0058.htm
2008.11.16 17:45 B c:\rmiller\dt.d-WIP\dt-Overview_files\slide0059.htm --> roanoke.rtp.netapp.com /u/rtmiller/Tools/dt.d-WIP/dt-Overview_files slide0059.htm
2008.11.16 17:45 B c:\rmiller\dt.d-WIP\dt-Overview_files\slide0060.htm --> roanoke.rtp.netapp.com /u/rtmiller/Tools/dt.d-WIP/dt-Overview_files slide0060.htm
2008.11.16 17:45 B c:\rmiller\dt.d-WIP\dt-Overview_files\WS_FTP.LOG --> roanoke.rtp.netapp.com /u/rtmiller/Tools/dt.d-WIP/dt-Overview_files WS_FTP.LOG
2008.11.17 18:38 B c:\rmiller\dt.d-WIP\dt-Overview_files\buttons.gif --> roanoke.rtp.netapp.com /u/rtmiller/Tools/dt.d-WIP/dt-Overview_files buttons.gif
2008.11.17 18:38 B c:\rmiller\dt.d-WIP\dt-Overview_files\filelist.xml --> roanoke.rtp.netapp.com /u/rtmiller/Tools/dt.d-WIP/dt-Overview_files filelist.xml
2008.11.17 18:38 B c:\rmiller\dt.d-WIP\dt-Overview_files\frame.htm --> roanoke.rtp.netapp.com /u/rtmiller/Tools/dt.d-WIP/dt-Overview_files frame.htm
2008.11.17 18:38 B c:\rmiller\dt.d-WIP\dt-Overview_files\fullscreen.htm --> roanoke.rtp.netapp.com /u/rtmiller/Tools/dt.d-WIP/dt-Overview_files fullscreen.htm
2008.11.17 18:38 B c:\rmiller\dt.d-WIP\dt-Overview_files\master01.htm --> roanoke.rtp.netapp.com /u/rtmiller/Tools/dt.d-WIP/dt-Overview_files master01.htm
2008.11.17 18:38 B c:\rmiller\dt.d-WIP\dt-Overview_files\master02.htm --> roanoke.rtp.netapp.com /u/rtmiller/Tools/dt.d-WIP/dt-Overview_files master02.htm
2008.11.17 18:38 B c:\rmiller\dt.d-WIP\dt-Overview_files\master03.htm --> roanoke.rtp.netapp.com /u/rtmiller/Tools/dt.d-WIP/dt-Overview_files master03.htm
2008.11.17 18:38 B c:\rmiller\dt.d-WIP\dt-Overview_files\master03.xml --> roanoke.rtp.netapp.com /u/rtmiller/Tools/dt.d-WIP/dt-Overview_files master03.xml
2008.11.17 18:38 B c:\rmiller\dt.d-WIP\dt-Overview_files\master03_image003.gif --> roanoke.rtp.netapp.com /u/rtmiller/Tools/dt.d-WIP/dt-Overview_files master03_image003.gif
2008.11.17 18:39 B c:\rmiller\dt.d-WIP\dt-Overview_files\master03_stylesheet.css --> roanoke.rtp.netapp.com /u/rtmiller/Tools/dt.d-WIP/dt-Overview_files master03_stylesheet.css
2008.11.17 18:39 B c:\rmiller\dt.d-WIP\dt-Overview_files\master04.htm --> roanoke.rtp.netapp.com /u/rtmiller/Tools/dt.d-WIP/dt-Overview_files master04.htm
2008.11.17 18:39 B c:\rmiller\dt.d-WIP\dt-Overview_files\master04.xml --> roanoke.rtp.netapp.com /u/rtmiller/Tools/dt.d-WIP/dt-Overview_files master04.xml
2008.11.17 18:39 B c:\rmiller\dt.d-WIP\dt-Overview_files\master04_image001.gif --> roanoke.rtp.netapp.com /u/rtmiller/Tools/dt.d-WIP/dt-Overview_files master04_image001.gif
2008.11.17 18:39 B c:\rmiller\dt.d-WIP\dt-Overview_files\master04_image002.gif --> roanoke.rtp.netapp.com /u/rtmiller/Tools/dt.d-WIP/dt-Overview_files master04_image002.gif
2008.11.17 18:39 B c:\rmiller\dt.d-WIP\dt-Overview_files\outline.htm --> roanoke.rtp.netapp.com /u/rtmiller/Tools/dt.d-WIP/dt-Overview_files outline.htm
2008.11.17 18:39 B c:\rmiller\dt.d-WIP\dt-Overview_files\pres.xml --> roanoke.rtp.netapp.com /u/rtmiller/Tools/dt.d-WIP/dt-Overview_files pres.xml
2008.11.17 18:39 B c:\rmiller\dt.d-WIP\dt-Overview_files\preview.wmf --> roanoke.rtp.netapp.com /u/rtmiller/Tools/dt.d-WIP/dt-Overview_files preview.wmf
2008.11.17 18:39 B c:\rmiller\dt.d-WIP\dt-Overview_files\script.js --> roanoke.rtp.netapp.com /u/rtmiller/Tools/dt.d-WIP/dt-Overview_files script.js
2008.11.17 18:39 B c:\rmiller\dt.d-WIP\dt-Overview_files\slide0001.htm --> roanoke.rtp.netapp.com /u/rtmiller/Tools/dt.d-WIP/dt-Overview_files slide0001.htm
2008.11.17 18:39 B c:\rmiller\dt.d-WIP\dt-Overview_files\slide0002.htm --> roanoke.rtp.netapp.com /u/rtmiller/Tools/dt.d-WIP/dt-Overview_files slide0002.htm
2008.11.17 18:39 B c:\rmiller\dt.d-WIP\dt-Overview_files\slide0003.htm --> roanoke.rtp.netapp.com /u/rtmiller/Tools/dt.d-WIP/dt-Overview_files slide0003.htm
2008.11.17 18:39 B c:\rmiller\dt.d-WIP\dt-Overview_files\slide0005.htm --> roanoke.rtp.netapp.com /u/rtmiller/Tools/dt.d-WIP/dt-Overview_files slide0005.htm
2008.11.17 18:39 B c:\rmiller\dt.d-WIP\dt-Overview_files\slide0006.htm --> roanoke.rtp.netapp.com /u/rtmiller/Tools/dt.d-WIP/dt-Overview_files slide0006.htm
2008.11.17 18:39 B c:\rmiller\dt.d-WIP\dt-Overview_files\slide0007.htm --> roanoke.rtp.netapp.com /u/rtmiller/Tools/dt.d-WIP/dt-Overview_files slide0007.htm
2008.11.17 18:39 B c:\rmiller\dt.d-WIP\dt-Overview_files\slide0008.htm --> roanoke.rtp.netapp.com /u/rtmiller/Tools/dt.d-WIP/dt-Overview_files slide0008.htm
2008.11.17 18:39 B c:\rmiller\dt.d-WIP\dt-Overview_files\slide0010.htm --> roanoke.rtp.netapp.com /u/rtmiller/Tools/dt.d-WIP/dt-Overview_files slide0010.htm
2008.11.17 18:39 B c:\rmiller\dt.d-WIP\dt-Overview_files\slide0011.htm --> roanoke.rtp.netapp.com /u/rtmiller/Tools/dt.d-WIP/dt-Overview_files slide0011.htm
2008.11.17 18:39 B c:\rmiller\dt.d-WIP\dt-Overview_files\slide0012.htm --> roanoke.rtp.netapp.com /u/rtmiller/Tools/dt.d-WIP/dt-Overview_files slide0012.htm
2008.11.17 18:39 B c:\rmiller\dt.d-WIP\dt-Overview_files\slide0014.htm --> roanoke.rtp.netapp.com /u/rtmiller/Tools/dt.d-WIP/dt-Overview_files slide0014.htm
2008.11.17 18:39 B c:\rmiller\dt.d-WIP\dt-Overview_files\slide0016.htm --> roanoke.rtp.netapp.com /u/rtmiller/Tools/dt.d-WIP/dt-Overview_files slide0016.htm
2008.11.17 18:39 B c:\rmiller\dt.d-WIP\dt-Overview_files\slide0017.htm --> roanoke.rtp.netapp.com /u/rtmiller/Tools/dt.d-WIP/dt-Overview_files slide0017.htm
2008.11.17 18:39 B c:\rmiller\dt.d-WIP\dt-Overview_files\slide0019.htm --> roanoke.rtp.netapp.com /u/rtmiller/Tools/dt.d-WIP/dt-Overview_files slide0019.htm
2008.11.17 18:39 B c:\rmiller\dt.d-WIP\dt-Overview_files\slide0020.htm --> roanoke.rtp.netapp.com /u/rtmiller/Tools/dt.d-WIP/dt-Overview_files slide0020.htm
2008.11.17 18:39 B c:\rmiller\dt.d-WIP\dt-Overview_files\slide0021.htm --> roanoke.rtp.netapp.com /u/rtmiller/Tools/dt.d-WIP/dt-Overview_files slide0021.htm
2008.11.17 18:39 B c:\rmiller\dt.d-WIP\dt-Overview_files\slide0022.htm --> roanoke.rtp.netapp.com /u/rtmiller/Tools/dt.d-WIP/dt-Overview_files slide0022.htm
2008.11.17 18:39 B c:\rmiller\dt.d-WIP\dt-Overview_files\slide0023.htm --> roanoke.rtp.netapp.com /u/rtmiller/Tools/dt.d-WIP/dt-Overview_files slide0023.htm
2008.11.17 18:39 B c:\rmiller\dt.d-WIP\dt-Overview_files\slide0024.htm --> roanoke.rtp.netapp.com /u/rtmiller/Tools/dt.d-WIP/dt-Overview_files slide0024.htm
2008.11.17 18:39 B c:\rmiller\dt.d-WIP\dt-Overview_files\slide0025.htm --> roanoke.rtp.netapp.com /u/rtmiller/Tools/dt.d-WIP/dt-Overview_files slide0025.htm
2008.11.17 18:39 B c:\rmiller\dt.d-WIP\dt-Overview_files\slide0026.htm --> roanoke.rtp.netapp.com /u/rtmiller/Tools/dt.d-WIP/dt-Overview_files slide0026.htm
2008.11.17 18:39 B c:\rmiller\dt.d-WIP\dt-Overview_files\slide0027.htm --> roanoke.rtp.netapp.com /u/rtmiller/Tools/dt.d-WIP/dt-Overview_files slide0027.htm
2008.11.17 18:39 B c:\rmiller\dt.d-WIP\dt-Overview_files\slide0028.htm --> roanoke.rtp.netapp.com /u/rtmiller/Tools/dt.d-WIP/dt-Overview_files slide0028.htm
2008.11.17 18:39 B c:\rmiller\dt.d-WIP\dt-Overview_files\slide0029.htm --> roanoke.rtp.netapp.com /u/rtmiller/Tools/dt.d-WIP/dt-Overview_files slide0029.htm
2008.11.17 18:39 B c:\rmiller\dt.d-WIP\dt-Overview_files\slide0030.htm --> roanoke.rtp.netapp.com /u/rtmiller/Tools/dt.d-WIP/dt-Overview_files slide0030.htm
2008.11.17 18:39 B c:\rmiller\dt.d-WIP\dt-Overview_files\slide0031.htm --> roanoke.rtp.netapp.com /u/rtmiller/Tools/dt.d-WIP/dt-Overview_files slide0031.htm
2008.11.17 18:39 B c:\rmiller\dt.d-WIP\dt-Overview_files\slide0032.htm --> roanoke.rtp.netapp.com /u/rtmiller/Tools/dt.d-WIP/dt-Overview_files slide0032.htm
2008.11.17 18:39 B c:\rmiller\dt.d-WIP\dt-Overview_files\slide0033.htm --> roanoke.rtp.netapp.com /u/rtmiller/Tools/dt.d-WIP/dt-Overview_files slide0033.htm
2008.11.17 18:39 B c:\rmiller\dt.d-WIP\dt-Overview_files\slide0035.htm --> roanoke.rtp.netapp.com /u/rtmiller/Tools/dt.d-WIP/dt-Overview_files slide0035.htm
2008.11.17 18:39 B c:\rmiller\dt.d-WIP\dt-Overview_files\slide0036.htm --> roanoke.rtp.netapp.com /u/rtmiller/Tools/dt.d-WIP/dt-Overview_files slide0036.htm
2008.11.17 18:39 B c:\rmiller\dt.d-WIP\dt-Overview_files\slide0037.htm --> roanoke.rtp.netapp.com /u/rtmiller/Tools/dt.d-WIP/dt-Overview_files slide0037.htm
2008.11.17 18:39 B c:\rmiller\dt.d-WIP\dt-Overview_files\slide0038.htm --> roanoke.rtp.netapp.com /u/rtmiller/Tools/dt.d-WIP/dt-Overview_files slide0038.htm
2008.11.17 18:39 B c:\rmiller\dt.d-WIP\dt-Overview_files\slide0039.htm --> roanoke.rtp.netapp.com /u/rtmiller/Tools/dt.d-WIP/dt-Overview_files slide0039.htm
2008.11.17 18:39 B c:\rmiller\dt.d-WIP\dt-Overview_files\slide0040.htm --> roanoke.rtp.netapp.com /u/rtmiller/Tools/dt.d-WIP/dt-Overview_files slide0040.htm
2008.11.17 18:39 B c:\rmiller\dt.d-WIP\dt-Overview_files\slide0041.htm --> roanoke.rtp.netapp.com /u/rtmiller/Tools/dt.d-WIP/dt-Overview_files slide0041.htm
2008.11.17 18:39 B c:\rmiller\dt.d-WIP\dt-Overview_files\slide0042.htm --> roanoke.rtp.netapp.com /u/rtmiller/Tools/dt.d-WIP/dt-Overview_files slide0042.htm
2008.11.17 18:39 B c:\rmiller\dt.d-WIP\dt-Overview_files\slide0043.htm --> roanoke.rtp.netapp.com /u/rtmiller/Tools/dt.d-WIP/dt-Overview_files slide0043.htm
2008.11.17 18:39 B c:\rmiller\dt.d-WIP\dt-Overview_files\slide0044.htm --> roanoke.rtp.netapp.com /u/rtmiller/Tools/dt.d-WIP/dt-Overview_files slide0044.htm
2008.11.17 18:39 B c:\rmiller\dt.d-WIP\dt-Overview_files\slide0045.htm --> roanoke.rtp.netapp.com /u/rtmiller/Tools/dt.d-WIP/dt-Overview_files slide0045.htm
2008.11.17 18:39 B c:\rmiller\dt.d-WIP\dt-Overview_files\slide0046.htm --> roanoke.rtp.netapp.com /u/rtmiller/Tools/dt.d-WIP/dt-Overview_files slide0046.htm
2008.11.17 18:39 B c:\rmiller\dt.d-WIP\dt-Overview_files\slide0047.htm --> roanoke.rtp.netapp.com /u/rtmiller/Tools/dt.d-WIP/dt-Overview_files slide0047.htm
2008.11.17 18:39 B c:\rmiller\dt.d-WIP\dt-Overview_files\slide0048.htm --> roanoke.rtp.netapp.com /u/rtmiller/Tools/dt.d-WIP/dt-Overview_files slide0048.htm
2008.11.17 18:39 B c:\rmiller\dt.d-WIP\dt-Overview_files\slide0048_image004.gif --> roanoke.rtp.netapp.com /u/rtmiller/Tools/dt.d-WIP/dt-Overview_files slide0048_image004.gif
2008.11.17 18:39 B c:\rmiller\dt.d-WIP\dt-Overview_files\slide0049.htm --> roanoke.rtp.netapp.com /u/rtmiller/Tools/dt.d-WIP/dt-Overview_files slide0049.htm
2008.11.17 18:39 B c:\rmiller\dt.d-WIP\dt-Overview_files\slide0050.htm --> roanoke.rtp.netapp.com /u/rtmiller/Tools/dt.d-WIP/dt-Overview_files slide0050.htm
2008.11.17 18:39 B c:\rmiller\dt.d-WIP\dt-Overview_files\slide0051.htm --> roanoke.rtp.netapp.com /u/rtmiller/Tools/dt.d-WIP/dt-Overview_files slide0051.htm
2008.11.17 18:39 B c:\rmiller\dt.d-WIP\dt-Overview_files\slide0052.htm --> roanoke.rtp.netapp.com /u/rtmiller/Tools/dt.d-WIP/dt-Overview_files slide0052.htm
2008.11.17 18:39 B c:\rmiller\dt.d-WIP\dt-Overview_files\slide0053.htm --> roanoke.rtp.netapp.com /u/rtmiller/Tools/dt.d-WIP/dt-Overview_files slide0053.htm
2008.11.17 18:39 B c:\rmiller\dt.d-WIP\dt-Overview_files\slide0054.htm --> roanoke.rtp.netapp.com /u/rtmiller/Tools/dt.d-WIP/dt-Overview_files slide0054.htm
2008.11.17 18:39 B c:\rmiller\dt.d-WIP\dt-Overview_files\slide0055.htm --> roanoke.rtp.netapp.com /u/rtmiller/Tools/dt.d-WIP/dt-Overview_files slide0055.htm
2008.11.17 18:39 B c:\rmiller\dt.d-WIP\dt-Overview_files\slide0056.htm --> roanoke.rtp.netapp.com /u/rtmiller/Tools/dt.d-WIP/dt-Overview_files slide0056.htm
2008.11.17 18:39 B c:\rmiller\dt.d-WIP\dt-Overview_files\slide0057.htm --> roanoke.rtp.netapp.com /u/rtmiller/Tools/dt.d-WIP/dt-Overview_files slide0057.htm
2008.11.17 18:39 B c:\rmiller\dt.d-WIP\dt-Overview_files\slide0058.htm --> roanoke.rtp.netapp.com /u/rtmiller/Tools/dt.d-WIP/dt-Overview_files slide0058.htm
2008.11.17 18:39 B c:\rmiller\dt.d-WIP\dt-Overview_files\slide0059.htm --> roanoke.rtp.netapp.com /u/rtmiller/Tools/dt.d-WIP/dt-Overview_files slide0059.htm
2008.11.17 18:39 B c:\rmiller\dt.d-WIP\dt-Overview_files\slide0060.htm --> roanoke.rtp.netapp.com /u/rtmiller/Tools/dt.d-WIP/dt-Overview_files slide0060.htm
2008.11.17 18:39 B c:\rmiller\dt.d-WIP\dt-Overview_files\slide0061.htm --> roanoke.rtp.netapp.com /u/rtmiller/Tools/dt.d-WIP/dt-Overview_files slide0061.htm
2009.07.29 12:09 B c:\rmiller\dt.d-WIP\dt-Overview_files\buttons.gif --> roanoke.rtp.netapp.com /u/rtmiller/Tools/dt.d-WIP/dt-Overview_files buttons.gif
2009.07.29 12:09 B c:\rmiller\dt.d-WIP\dt-Overview_files\filelist.xml --> roanoke.rtp.netapp.com /u/rtmiller/Tools/dt.d-WIP/dt-Overview_files filelist.xml
2009.07.29 12:09 B c:\rmiller\dt.d-WIP\dt-Overview_files\frame.htm --> roanoke.rtp.netapp.com /u/rtmiller/Tools/dt.d-WIP/dt-Overview_files frame.htm
2009.07.29 12:09 B c:\rmiller\dt.d-WIP\dt-Overview_files\fullscreen.htm --> roanoke.rtp.netapp.com /u/rtmiller/Tools/dt.d-WIP/dt-Overview_files fullscreen.htm
2009.07.29 12:09 B c:\rmiller\dt.d-WIP\dt-Overview_files\master01.htm --> roanoke.rtp.netapp.com /u/rtmiller/Tools/dt.d-WIP/dt-Overview_files master01.htm
2009.07.29 12:09 B c:\rmiller\dt.d-WIP\dt-Overview_files\master02.htm --> roanoke.rtp.netapp.com /u/rtmiller/Tools/dt.d-WIP/dt-Overview_files master02.htm
2009.07.29 12:09 B c:\rmiller\dt.d-WIP\dt-Overview_files\master03.htm --> roanoke.rtp.netapp.com /u/rtmiller/Tools/dt.d-WIP/dt-Overview_files master03.htm
2009.07.29 12:09 B c:\rmiller\dt.d-WIP\dt-Overview_files\master03.xml --> roanoke.rtp.netapp.com /u/rtmiller/Tools/dt.d-WIP/dt-Overview_files master03.xml
2009.07.29 12:09 B c:\rmiller\dt.d-WIP\dt-Overview_files\master03_image003.gif --> roanoke.rtp.netapp.com /u/rtmiller/Tools/dt.d-WIP/dt-Overview_files master03_image003.gif
2009.07.29 12:09 B c:\rmiller\dt.d-WIP\dt-Overview_files\master03_stylesheet.css --> roanoke.rtp.netapp.com /u/rtmiller/Tools/dt.d-WIP/dt-Overview_files master03_stylesheet.css
2009.07.29 12:09 B c:\rmiller\dt.d-WIP\dt-Overview_files\master16.htm --> roanoke.rtp.netapp.com /u/rtmiller/Tools/dt.d-WIP/dt-Overview_files master16.htm
2009.07.29 12:09 B c:\rmiller\dt.d-WIP\dt-Overview_files\master16.xml --> roanoke.rtp.netapp.com /u/rtmiller/Tools/dt.d-WIP/dt-Overview_files master16.xml
2009.07.29 12:09 B c:\rmiller\dt.d-WIP\dt-Overview_files\master16_image001.gif --> roanoke.rtp.netapp.com /u/rtmiller/Tools/dt.d-WIP/dt-Overview_files master16_image001.gif
2009.07.29 12:09 B c:\rmiller\dt.d-WIP\dt-Overview_files\master16_image002.gif --> roanoke.rtp.netapp.com /u/rtmiller/Tools/dt.d-WIP/dt-Overview_files master16_image002.gif
2009.07.29 12:09 B c:\rmiller\dt.d-WIP\dt-Overview_files\master16_stylesheet.css --> roanoke.rtp.netapp.com /u/rtmiller/Tools/dt.d-WIP/dt-Overview_files master16_stylesheet.css
2009.07.29 12:09 B c:\rmiller\dt.d-WIP\dt-Overview_files\outline.htm --> roanoke.rtp.netapp.com /u/rtmiller/Tools/dt.d-WIP/dt-Overview_files outline.htm
2009.07.29 12:09 B c:\rmiller\dt.d-WIP\dt-Overview_files\pres.xml --> roanoke.rtp.netapp.com /u/rtmiller/Tools/dt.d-WIP/dt-Overview_files pres.xml
2009.07.29 12:09 B c:\rmiller\dt.d-WIP\dt-Overview_files\preview.wmf --> roanoke.rtp.netapp.com /u/rtmiller/Tools/dt.d-WIP/dt-Overview_files preview.wmf
2009.07.29 12:09 B c:\rmiller\dt.d-WIP\dt-Overview_files\script.js --> roanoke.rtp.netapp.com /u/rtmiller/Tools/dt.d-WIP/dt-Overview_files script.js
2009.07.29 12:09 B c:\rmiller\dt.d-WIP\dt-Overview_files\slide0001.htm --> roanoke.rtp.netapp.com /u/rtmiller/Tools/dt.d-WIP/dt-Overview_files slide0001.htm
2009.07.29 12:09 B c:\rmiller\dt.d-WIP\dt-Overview_files\slide0002.htm --> roanoke.rtp.netapp.com /u/rtmiller/Tools/dt.d-WIP/dt-Overview_files slide0002.htm
2009.07.29 12:09 B c:\rmiller\dt.d-WIP\dt-Overview_files\slide0003.htm --> roanoke.rtp.netapp.com /u/rtmiller/Tools/dt.d-WIP/dt-Overview_files slide0003.htm
2009.07.29 12:09 B c:\rmiller\dt.d-WIP\dt-Overview_files\slide0005.htm --> roanoke.rtp.netapp.com /u/rtmiller/Tools/dt.d-WIP/dt-Overview_files slide0005.htm
2009.07.29 12:09 B c:\rmiller\dt.d-WIP\dt-Overview_files\slide0006.htm --> roanoke.rtp.netapp.com /u/rtmiller/Tools/dt.d-WIP/dt-Overview_files slide0006.htm
2009.07.29 12:09 B c:\rmiller\dt.d-WIP\dt-Overview_files\slide0007.htm --> roanoke.rtp.netapp.com /u/rtmiller/Tools/dt.d-WIP/dt-Overview_files slide0007.htm
2009.07.29 12:10 B c:\rmiller\dt.d-WIP\dt-Overview_files\slide0008.htm --> roanoke.rtp.netapp.com /u/rtmiller/Tools/dt.d-WIP/dt-Overview_files slide0008.htm
2009.07.29 12:10 B c:\rmiller\dt.d-WIP\dt-Overview_files\slide0010.htm --> roanoke.rtp.netapp.com /u/rtmiller/Tools/dt.d-WIP/dt-Overview_files slide0010.htm
2009.07.29 12:10 B c:\rmiller\dt.d-WIP\dt-Overview_files\slide0011.htm --> roanoke.rtp.netapp.com /u/rtmiller/Tools/dt.d-WIP/dt-Overview_files slide0011.htm
2009.07.29 12:10 B c:\rmiller\dt.d-WIP\dt-Overview_files\slide0012.htm --> roanoke.rtp.netapp.com /u/rtmiller/Tools/dt.d-WIP/dt-Overview_files slide0012.htm
2009.07.29 12:10 B c:\rmiller\dt.d-WIP\dt-Overview_files\slide0014.htm --> roanoke.rtp.netapp.com /u/rtmiller/Tools/dt.d-WIP/dt-Overview_files slide0014.htm
2009.07.29 12:10 B c:\rmiller\dt.d-WIP\dt-Overview_files\slide0016.htm --> roanoke.rtp.netapp.com /u/rtmiller/Tools/dt.d-WIP/dt-Overview_files slide0016.htm
2009.07.29 12:10 B c:\rmiller\dt.d-WIP\dt-Overview_files\slide0017.htm --> roanoke.rtp.netapp.com /u/rtmiller/Tools/dt.d-WIP/dt-Overview_files slide0017.htm
2009.07.29 12:10 B c:\rmiller\dt.d-WIP\dt-Overview_files\slide0019.htm --> roanoke.rtp.netapp.com /u/rtmiller/Tools/dt.d-WIP/dt-Overview_files slide0019.htm
2009.07.29 12:10 B c:\rmiller\dt.d-WIP\dt-Overview_files\slide0020.htm --> roanoke.rtp.netapp.com /u/rtmiller/Tools/dt.d-WIP/dt-Overview_files slide0020.htm
2009.07.29 12:10 B c:\rmiller\dt.d-WIP\dt-Overview_files\slide0021.htm --> roanoke.rtp.netapp.com /u/rtmiller/Tools/dt.d-WIP/dt-Overview_files slide0021.htm
2009.07.29 12:10 B c:\rmiller\dt.d-WIP\dt-Overview_files\slide0022.htm --> roanoke.rtp.netapp.com /u/rtmiller/Tools/dt.d-WIP/dt-Overview_files slide0022.htm
2009.07.29 12:10 B c:\rmiller\dt.d-WIP\dt-Overview_files\slide0023.htm --> roanoke.rtp.netapp.com /u/rtmiller/Tools/dt.d-WIP/dt-Overview_files slide0023.htm
2009.07.29 12:10 B c:\rmiller\dt.d-WIP\dt-Overview_files\slide0024.htm --> roanoke.rtp.netapp.com /u/rtmiller/Tools/dt.d-WIP/dt-Overview_files slide0024.htm
2009.07.29 12:10 B c:\rmiller\dt.d-WIP\dt-Overview_files\slide0025.htm --> roanoke.rtp.netapp.com /u/rtmiller/Tools/dt.d-WIP/dt-Overview_files slide0025.htm
2009.07.29 12:10 B c:\rmiller\dt.d-WIP\dt-Overview_files\slide0026.htm --> roanoke.rtp.netapp.com /u/rtmiller/Tools/dt.d-WIP/dt-Overview_files slide0026.htm
2009.07.29 12:10 B c:\rmiller\dt.d-WIP\dt-Overview_files\slide0027.htm --> roanoke.rtp.netapp.com /u/rtmiller/Tools/dt.d-WIP/dt-Overview_files slide0027.htm
2009.07.29 12:10 B c:\rmiller\dt.d-WIP\dt-Overview_files\slide0028.htm --> roanoke.rtp.netapp.com /u/rtmiller/Tools/dt.d-WIP/dt-Overview_files slide0028.htm
2009.07.29 12:10 B c:\rmiller\dt.d-WIP\dt-Overview_files\slide0029.htm --> roanoke.rtp.netapp.com /u/rtmiller/Tools/dt.d-WIP/dt-Overview_files slide0029.htm
2009.07.29 12:10 B c:\rmiller\dt.d-WIP\dt-Overview_files\slide0030.htm --> roanoke.rtp.netapp.com /u/rtmiller/Tools/dt.d-WIP/dt-Overview_files slide0030.htm
2009.07.29 12:10 B c:\rmiller\dt.d-WIP\dt-Overview_files\slide0031.htm --> roanoke.rtp.netapp.com /u/rtmiller/Tools/dt.d-WIP/dt-Overview_files slide0031.htm
2009.07.29 12:10 B c:\rmiller\dt.d-WIP\dt-Overview_files\slide0032.htm --> roanoke.rtp.netapp.com /u/rtmiller/Tools/dt.d-WIP/dt-Overview_files slide0032.htm
2009.07.29 12:10 B c:\rmiller\dt.d-WIP\dt-Overview_files\slide0033.htm --> roanoke.rtp.netapp.com /u/rtmiller/Tools/dt.d-WIP/dt-Overview_files slide0033.htm
2009.07.29 12:10 B c:\rmiller\dt.d-WIP\dt-Overview_files\slide0035.htm --> roanoke.rtp.netapp.com /u/rtmiller/Tools/dt.d-WIP/dt-Overview_files slide0035.htm
2009.07.29 12:10 B c:\rmiller\dt.d-WIP\dt-Overview_files\slide0036.htm --> roanoke.rtp.netapp.com /u/rtmiller/Tools/dt.d-WIP/dt-Overview_files slide0036.htm
2009.07.29 12:10 B c:\rmiller\dt.d-WIP\dt-Overview_files\slide0037.htm --> roanoke.rtp.netapp.com /u/rtmiller/Tools/dt.d-WIP/dt-Overview_files slide0037.htm
2009.07.29 12:10 B c:\rmiller\dt.d-WIP\dt-Overview_files\slide0038.htm --> roanoke.rtp.netapp.com /u/rtmiller/Tools/dt.d-WIP/dt-Overview_files slide0038.htm
2009.07.29 12:10 B c:\rmiller\dt.d-WIP\dt-Overview_files\slide0039.htm --> roanoke.rtp.netapp.com /u/rtmiller/Tools/dt.d-WIP/dt-Overview_files slide0039.htm
2009.07.29 12:10 B c:\rmiller\dt.d-WIP\dt-Overview_files\slide0040.htm --> roanoke.rtp.netapp.com /u/rtmiller/Tools/dt.d-WIP/dt-Overview_files slide0040.htm
2009.07.29 12:10 B c:\rmiller\dt.d-WIP\dt-Overview_files\slide0041.htm --> roanoke.rtp.netapp.com /u/rtmiller/Tools/dt.d-WIP/dt-Overview_files slide0041.htm
2009.07.29 12:10 B c:\rmiller\dt.d-WIP\dt-Overview_files\slide0042.htm --> roanoke.rtp.netapp.com /u/rtmiller/Tools/dt.d-WIP/dt-Overview_files slide0042.htm
2009.07.29 12:10 B c:\rmiller\dt.d-WIP\dt-Overview_files\slide0043.htm --> roanoke.rtp.netapp.com /u/rtmiller/Tools/dt.d-WIP/dt-Overview_files slide0043.htm
2009.07.29 12:10 B c:\rmiller\dt.d-WIP\dt-Overview_files\slide0044.htm --> roanoke.rtp.netapp.com /u/rtmiller/Tools/dt.d-WIP/dt-Overview_files slide0044.htm
2009.07.29 12:10 B c:\rmiller\dt.d-WIP\dt-Overview_files\slide0045.htm --> roanoke.rtp.netapp.com /u/rtmiller/Tools/dt.d-WIP/dt-Overview_files slide0045.htm
2009.07.29 12:10 B c:\rmiller\dt.d-WIP\dt-Overview_files\slide0046.htm --> roanoke.rtp.netapp.com /u/rtmiller/Tools/dt.d-WIP/dt-Overview_files slide0046.htm
2009.07.29 12:10 B c:\rmiller\dt.d-WIP\dt-Overview_files\slide0047.htm --> roanoke.rtp.netapp.com /u/rtmiller/Tools/dt.d-WIP/dt-Overview_files slide0047.htm
2009.07.29 12:10 B c:\rmiller\dt.d-WIP\dt-Overview_files\slide0048.htm --> roanoke.rtp.netapp.com /u/rtmiller/Tools/dt.d-WIP/dt-Overview_files slide0048.htm
2009.07.29 12:10 B c:\rmiller\dt.d-WIP\dt-Overview_files\slide0048_image004.gif --> roanoke.rtp.netapp.com /u/rtmiller/Tools/dt.d-WIP/dt-Overview_files slide0048_image004.gif
2009.07.29 12:10 B c:\rmiller\dt.d-WIP\dt-Overview_files\slide0050.htm --> roanoke.rtp.netapp.com /u/rtmiller/Tools/dt.d-WIP/dt-Overview_files slide0050.htm
2009.07.29 12:10 B c:\rmiller\dt.d-WIP\dt-Overview_files\slide0051.htm --> roanoke.rtp.netapp.com /u/rtmiller/Tools/dt.d-WIP/dt-Overview_files slide0051.htm
2009.07.29 12:10 B c:\rmiller\dt.d-WIP\dt-Overview_files\slide0052.htm --> roanoke.rtp.netapp.com /u/rtmiller/Tools/dt.d-WIP/dt-Overview_files slide0052.htm
2009.07.29 12:10 B c:\rmiller\dt.d-WIP\dt-Overview_files\slide0053.htm --> roanoke.rtp.netapp.com /u/rtmiller/Tools/dt.d-WIP/dt-Overview_files slide0053.htm
2009.07.29 12:10 B c:\rmiller\dt.d-WIP\dt-Overview_files\slide0054.htm --> roanoke.rtp.netapp.com /u/rtmiller/Tools/dt.d-WIP/dt-Overview_files slide0054.htm
2009.07.29 12:10 B c:\rmiller\dt.d-WIP\dt-Overview_files\slide0055.htm --> roanoke.rtp.netapp.com /u/rtmiller/Tools/dt.d-WIP/dt-Overview_files slide0055.htm
2009.07.29 12:10 B c:\rmiller\dt.d-WIP\dt-Overview_files\slide0056.htm --> roanoke.rtp.netapp.com /u/rtmiller/Tools/dt.d-WIP/dt-Overview_files slide0056.htm
2009.07.29 12:10 B c:\rmiller\dt.d-WIP\dt-Overview_files\slide0057.htm --> roanoke.rtp.netapp.com /u/rtmiller/Tools/dt.d-WIP/dt-Overview_files slide0057.htm
2009.07.29 12:10 B c:\rmiller\dt.d-WIP\dt-Overview_files\slide0058.htm --> roanoke.rtp.netapp.com /u/rtmiller/Tools/dt.d-WIP/dt-Overview_files slide0058.htm
2009.07.29 12:10 B c:\rmiller\dt.d-WIP\dt-Overview_files\slide0059.htm --> roanoke.rtp.netapp.com /u/rtmiller/Tools/dt.d-WIP/dt-Overview_files slide0059.htm
2009.07.29 12:10 B c:\rmiller\dt.d-WIP\dt-Overview_files\slide0060.htm --> roanoke.rtp.netapp.com /u/rtmiller/Tools/dt.d-WIP/dt-Overview_files slide0060.htm
2009.07.29 12:10 B c:\rmiller\dt.d-WIP\dt-Overview_files\slide0061.htm --> roanoke.rtp.netapp.com /u/rtmiller/Tools/dt.d-WIP/dt-Overview_files slide0061.htm
2009.07.29 12:10 B c:\rmiller\dt.d-WIP\dt-Overview_files\WS_FTP.LOG --> roanoke.rtp.netapp.com /u/rtmiller/Tools/dt.d-WIP/dt-Overview_files WS_FTP.LOG
2009.07.30 16:57 B c:\rmiller\dt.d-WIP\dt-Overview_files\buttons.gif --> roanoke.rtp.netapp.com /u/rtmiller/Tools/dt.d-WIP/dt-Overview_files buttons.gif
2009.07.30 16:57 B c:\rmiller\dt.d-WIP\dt-Overview_files\filelist.xml --> roanoke.rtp.netapp.com /u/rtmiller/Tools/dt.d-WIP/dt-Overview_files filelist.xml
2009.07.30 16:57 B c:\rmiller\dt.d-WIP\dt-Overview_files\frame.htm --> roanoke.rtp.netapp.com /u/rtmiller/Tools/dt.d-WIP/dt-Overview_files frame.htm
2009.07.30 16:57 B c:\rmiller\dt.d-WIP\dt-Overview_files\fullscreen.htm --> roanoke.rtp.netapp.com /u/rtmiller/Tools/dt.d-WIP/dt-Overview_files fullscreen.htm
2009.07.30 16:57 B c:\rmiller\dt.d-WIP\dt-Overview_files\master01.htm --> roanoke.rtp.netapp.com /u/rtmiller/Tools/dt.d-WIP/dt-Overview_files master01.htm
2009.07.30 16:57 B c:\rmiller\dt.d-WIP\dt-Overview_files\master02.htm --> roanoke.rtp.netapp.com /u/rtmiller/Tools/dt.d-WIP/dt-Overview_files master02.htm
2009.07.30 16:57 B c:\rmiller\dt.d-WIP\dt-Overview_files\master03.htm --> roanoke.rtp.netapp.com /u/rtmiller/Tools/dt.d-WIP/dt-Overview_files master03.htm
2009.07.30 16:57 B c:\rmiller\dt.d-WIP\dt-Overview_files\master03.xml --> roanoke.rtp.netapp.com /u/rtmiller/Tools/dt.d-WIP/dt-Overview_files master03.xml
2009.07.30 16:57 B c:\rmiller\dt.d-WIP\dt-Overview_files\master03_image003.gif --> roanoke.rtp.netapp.com /u/rtmiller/Tools/dt.d-WIP/dt-Overview_files master03_image003.gif
2009.07.30 16:57 B c:\rmiller\dt.d-WIP\dt-Overview_files\master03_stylesheet.css --> roanoke.rtp.netapp.com /u/rtmiller/Tools/dt.d-WIP/dt-Overview_files master03_stylesheet.css
2009.07.30 16:57 B c:\rmiller\dt.d-WIP\dt-Overview_files\master55.htm --> roanoke.rtp.netapp.com /u/rtmiller/Tools/dt.d-WIP/dt-Overview_files master55.htm
2009.07.30 16:57 B c:\rmiller\dt.d-WIP\dt-Overview_files\master55.xml --> roanoke.rtp.netapp.com /u/rtmiller/Tools/dt.d-WIP/dt-Overview_files master55.xml
2009.07.30 16:57 B c:\rmiller\dt.d-WIP\dt-Overview_files\master55_image001.gif --> roanoke.rtp.netapp.com /u/rtmiller/Tools/dt.d-WIP/dt-Overview_files master55_image001.gif
2009.07.30 16:57 B c:\rmiller\dt.d-WIP\dt-Overview_files\master55_image002.gif --> roanoke.rtp.netapp.com /u/rtmiller/Tools/dt.d-WIP/dt-Overview_files master55_image002.gif
2009.07.30 16:57 B c:\rmiller\dt.d-WIP\dt-Overview_files\master55_stylesheet.css --> roanoke.rtp.netapp.com /u/rtmiller/Tools/dt.d-WIP/dt-Overview_files master55_stylesheet.css
2009.07.30 16:57 B c:\rmiller\dt.d-WIP\dt-Overview_files\outline.htm --> roanoke.rtp.netapp.com /u/rtmiller/Tools/dt.d-WIP/dt-Overview_files outline.htm
2009.07.30 16:57 B c:\rmiller\dt.d-WIP\dt-Overview_files\pres.xml --> roanoke.rtp.netapp.com /u/rtmiller/Tools/dt.d-WIP/dt-Overview_files pres.xml
2009.07.30 16:57 B c:\rmiller\dt.d-WIP\dt-Overview_files\preview.wmf --> roanoke.rtp.netapp.com /u/rtmiller/Tools/dt.d-WIP/dt-Overview_files preview.wmf
2009.07.30 16:57 B c:\rmiller\dt.d-WIP\dt-Overview_files\script.js --> roanoke.rtp.netapp.com /u/rtmiller/Tools/dt.d-WIP/dt-Overview_files script.js
2009.07.30 16:57 B c:\rmiller\dt.d-WIP\dt-Overview_files\slide0001.htm --> roanoke.rtp.netapp.com /u/rtmiller/Tools/dt.d-WIP/dt-Overview_files slide0001.htm
2009.07.30 16:57 B c:\rmiller\dt.d-WIP\dt-Overview_files\slide0002.htm --> roanoke.rtp.netapp.com /u/rtmiller/Tools/dt.d-WIP/dt-Overview_files slide0002.htm
2009.07.30 16:57 B c:\rmiller\dt.d-WIP\dt-Overview_files\slide0003.htm --> roanoke.rtp.netapp.com /u/rtmiller/Tools/dt.d-WIP/dt-Overview_files slide0003.htm
2009.07.30 16:57 B c:\rmiller\dt.d-WIP\dt-Overview_files\slide0005.htm --> roanoke.rtp.netapp.com /u/rtmiller/Tools/dt.d-WIP/dt-Overview_files slide0005.htm
2009.07.30 16:57 B c:\rmiller\dt.d-WIP\dt-Overview_files\slide0006.htm --> roanoke.rtp.netapp.com /u/rtmiller/Tools/dt.d-WIP/dt-Overview_files slide0006.htm
2009.07.30 16:57 B c:\rmiller\dt.d-WIP\dt-Overview_files\slide0007.htm --> roanoke.rtp.netapp.com /u/rtmiller/Tools/dt.d-WIP/dt-Overview_files slide0007.htm
2009.07.30 16:57 B c:\rmiller\dt.d-WIP\dt-Overview_files\slide0008.htm --> roanoke.rtp.netapp.com /u/rtmiller/Tools/dt.d-WIP/dt-Overview_files slide0008.htm
2009.07.30 16:57 B c:\rmiller\dt.d-WIP\dt-Overview_files\slide0010.htm --> roanoke.rtp.netapp.com /u/rtmiller/Tools/dt.d-WIP/dt-Overview_files slide0010.htm
2009.07.30 16:57 B c:\rmiller\dt.d-WIP\dt-Overview_files\slide0011.htm --> roanoke.rtp.netapp.com /u/rtmiller/Tools/dt.d-WIP/dt-Overview_files slide0011.htm
2009.07.30 16:57 B c:\rmiller\dt.d-WIP\dt-Overview_files\slide0012.htm --> roanoke.rtp.netapp.com /u/rtmiller/Tools/dt.d-WIP/dt-Overview_files slide0012.htm
2009.07.30 16:57 B c:\rmiller\dt.d-WIP\dt-Overview_files\slide0014.htm --> roanoke.rtp.netapp.com /u/rtmiller/Tools/dt.d-WIP/dt-Overview_files slide0014.htm
2009.07.30 16:57 B c:\rmiller\dt.d-WIP\dt-Overview_files\slide0016.htm --> roanoke.rtp.netapp.com /u/rtmiller/Tools/dt.d-WIP/dt-Overview_files slide0016.htm
2009.07.30 16:57 B c:\rmiller\dt.d-WIP\dt-Overview_files\slide0017.htm --> roanoke.rtp.netapp.com /u/rtmiller/Tools/dt.d-WIP/dt-Overview_files slide0017.htm
2009.07.30 16:57 B c:\rmiller\dt.d-WIP\dt-Overview_files\slide0019.htm --> roanoke.rtp.netapp.com /u/rtmiller/Tools/dt.d-WIP/dt-Overview_files slide0019.htm
2009.07.30 16:57 B c:\rmiller\dt.d-WIP\dt-Overview_files\slide0020.htm --> roanoke.rtp.netapp.com /u/rtmiller/Tools/dt.d-WIP/dt-Overview_files slide0020.htm
2009.07.30 16:57 B c:\rmiller\dt.d-WIP\dt-Overview_files\slide0021.htm --> roanoke.rtp.netapp.com /u/rtmiller/Tools/dt.d-WIP/dt-Overview_files slide0021.htm
2009.07.30 16:57 B c:\rmiller\dt.d-WIP\dt-Overview_files\slide0022.htm --> roanoke.rtp.netapp.com /u/rtmiller/Tools/dt.d-WIP/dt-Overview_files slide0022.htm
2009.07.30 16:57 B c:\rmiller\dt.d-WIP\dt-Overview_files\slide0023.htm --> roanoke.rtp.netapp.com /u/rtmiller/Tools/dt.d-WIP/dt-Overview_files slide0023.htm
2009.07.30 16:57 B c:\rmiller\dt.d-WIP\dt-Overview_files\slide0024.htm --> roanoke.rtp.netapp.com /u/rtmiller/Tools/dt.d-WIP/dt-Overview_files slide0024.htm
2009.07.30 16:57 B c:\rmiller\dt.d-WIP\dt-Overview_files\slide0025.htm --> roanoke.rtp.netapp.com /u/rtmiller/Tools/dt.d-WIP/dt-Overview_files slide0025.htm
2009.07.30 16:57 B c:\rmiller\dt.d-WIP\dt-Overview_files\slide0026.htm --> roanoke.rtp.netapp.com /u/rtmiller/Tools/dt.d-WIP/dt-Overview_files slide0026.htm
2009.07.30 16:57 B c:\rmiller\dt.d-WIP\dt-Overview_files\slide0027.htm --> roanoke.rtp.netapp.com /u/rtmiller/Tools/dt.d-WIP/dt-Overview_files slide0027.htm
2009.07.30 16:57 B c:\rmiller\dt.d-WIP\dt-Overview_files\slide0028.htm --> roanoke.rtp.netapp.com /u/rtmiller/Tools/dt.d-WIP/dt-Overview_files slide0028.htm
2009.07.30 16:57 B c:\rmiller\dt.d-WIP\dt-Overview_files\slide0029.htm --> roanoke.rtp.netapp.com /u/rtmiller/Tools/dt.d-WIP/dt-Overview_files slide0029.htm
2009.07.30 16:57 B c:\rmiller\dt.d-WIP\dt-Overview_files\slide0030.htm --> roanoke.rtp.netapp.com /u/rtmiller/Tools/dt.d-WIP/dt-Overview_files slide0030.htm
2009.07.30 16:57 B c:\rmiller\dt.d-WIP\dt-Overview_files\slide0031.htm --> roanoke.rtp.netapp.com /u/rtmiller/Tools/dt.d-WIP/dt-Overview_files slide0031.htm
2009.07.30 16:57 B c:\rmiller\dt.d-WIP\dt-Overview_files\slide0032.htm --> roanoke.rtp.netapp.com /u/rtmiller/Tools/dt.d-WIP/dt-Overview_files slide0032.htm
2009.07.30 16:57 B c:\rmiller\dt.d-WIP\dt-Overview_files\slide0033.htm --> roanoke.rtp.netapp.com /u/rtmiller/Tools/dt.d-WIP/dt-Overview_files slide0033.htm
2009.07.30 16:57 B c:\rmiller\dt.d-WIP\dt-Overview_files\slide0035.htm --> roanoke.rtp.netapp.com /u/rtmiller/Tools/dt.d-WIP/dt-Overview_files slide0035.htm
2009.07.30 16:57 B c:\rmiller\dt.d-WIP\dt-Overview_files\slide0036.htm --> roanoke.rtp.netapp.com /u/rtmiller/Tools/dt.d-WIP/dt-Overview_files slide0036.htm
2009.07.30 16:57 B c:\rmiller\dt.d-WIP\dt-Overview_files\slide0037.htm --> roanoke.rtp.netapp.com /u/rtmiller/Tools/dt.d-WIP/dt-Overview_files slide0037.htm
2009.07.30 16:57 B c:\rmiller\dt.d-WIP\dt-Overview_files\slide0038.htm --> roanoke.rtp.netapp.com /u/rtmiller/Tools/dt.d-WIP/dt-Overview_files slide0038.htm
2009.07.30 16:57 B c:\rmiller\dt.d-WIP\dt-Overview_files\slide0039.htm --> roanoke.rtp.netapp.com /u/rtmiller/Tools/dt.d-WIP/dt-Overview_files slide0039.htm
2009.07.30 16:57 B c:\rmiller\dt.d-WIP\dt-Overview_files\slide0040.htm --> roanoke.rtp.netapp.com /u/rtmiller/Tools/dt.d-WIP/dt-Overview_files slide0040.htm
2009.07.30 16:57 B c:\rmiller\dt.d-WIP\dt-Overview_files\slide0041.htm --> roanoke.rtp.netapp.com /u/rtmiller/Tools/dt.d-WIP/dt-Overview_files slide0041.htm
2009.07.30 16:57 B c:\rmiller\dt.d-WIP\dt-Overview_files\slide0042.htm --> roanoke.rtp.netapp.com /u/rtmiller/Tools/dt.d-WIP/dt-Overview_files slide0042.htm
2009.07.30 16:57 B c:\rmiller\dt.d-WIP\dt-Overview_files\slide0043.htm --> roanoke.rtp.netapp.com /u/rtmiller/Tools/dt.d-WIP/dt-Overview_files slide0043.htm
2009.07.30 16:57 B c:\rmiller\dt.d-WIP\dt-Overview_files\slide0044.htm --> roanoke.rtp.netapp.com /u/rtmiller/Tools/dt.d-WIP/dt-Overview_files slide0044.htm
2009.07.30 16:57 B c:\rmiller\dt.d-WIP\dt-Overview_files\slide0045.htm --> roanoke.rtp.netapp.com /u/rtmiller/Tools/dt.d-WIP/dt-Overview_files slide0045.htm
2009.07.30 16:57 B c:\rmiller\dt.d-WIP\dt-Overview_files\slide0046.htm --> roanoke.rtp.netapp.com /u/rtmiller/Tools/dt.d-WIP/dt-Overview_files slide0046.htm
2009.07.30 16:57 B c:\rmiller\dt.d-WIP\dt-Overview_files\slide0047.htm --> roanoke.rtp.netapp.com /u/rtmiller/Tools/dt.d-WIP/dt-Overview_files slide0047.htm
2009.07.30 16:57 B c:\rmiller\dt.d-WIP\dt-Overview_files\slide0048.htm --> roanoke.rtp.netapp.com /u/rtmiller/Tools/dt.d-WIP/dt-Overview_files slide0048.htm
2009.07.30 16:57 B c:\rmiller\dt.d-WIP\dt-Overview_files\slide0048_image014.gif --> roanoke.rtp.netapp.com /u/rtmiller/Tools/dt.d-WIP/dt-Overview_files slide0048_image014.gif
2009.07.30 16:57 B c:\rmiller\dt.d-WIP\dt-Overview_files\slide0050.htm --> roanoke.rtp.netapp.com /u/rtmiller/Tools/dt.d-WIP/dt-Overview_files slide0050.htm
2009.07.30 16:57 B c:\rmiller\dt.d-WIP\dt-Overview_files\slide0051.htm --> roanoke.rtp.netapp.com /u/rtmiller/Tools/dt.d-WIP/dt-Overview_files slide0051.htm
2009.07.30 16:57 B c:\rmiller\dt.d-WIP\dt-Overview_files\slide0052.htm --> roanoke.rtp.netapp.com /u/rtmiller/Tools/dt.d-WIP/dt-Overview_files slide0052.htm
2009.07.30 16:57 B c:\rmiller\dt.d-WIP\dt-Overview_files\slide0053.htm --> roanoke.rtp.netapp.com /u/rtmiller/Tools/dt.d-WIP/dt-Overview_files slide0053.htm
2009.07.30 16:58 B c:\rmiller\dt.d-WIP\dt-Overview_files\slide0054.htm --> roanoke.rtp.netapp.com /u/rtmiller/Tools/dt.d-WIP/dt-Overview_files slide0054.htm
2009.07.30 16:58 B c:\rmiller\dt.d-WIP\dt-Overview_files\slide0055.htm --> roanoke.rtp.netapp.com /u/rtmiller/Tools/dt.d-WIP/dt-Overview_files slide0055.htm
2009.07.30 16:58 B c:\rmiller\dt.d-WIP\dt-Overview_files\slide0056.htm --> roanoke.rtp.netapp.com /u/rtmiller/Tools/dt.d-WIP/dt-Overview_files slide0056.htm
2009.07.30 16:58 B c:\rmiller\dt.d-WIP\dt-Overview_files\slide0057.htm --> roanoke.rtp.netapp.com /u/rtmiller/Tools/dt.d-WIP/dt-Overview_files slide0057.htm
2009.07.30 16:58 B c:\rmiller\dt.d-WIP\dt-Overview_files\slide0058.htm --> roanoke.rtp.netapp.com /u/rtmiller/Tools/dt.d-WIP/dt-Overview_files slide0058.htm
2009.07.30 16:58 B c:\rmiller\dt.d-WIP\dt-Overview_files\slide0059.htm --> roanoke.rtp.netapp.com /u/rtmiller/Tools/dt.d-WIP/dt-Overview_files slide0059.htm
2009.07.30 16:58 B c:\rmiller\dt.d-WIP\dt-Overview_files\slide0060.htm --> roanoke.rtp.netapp.com /u/rtmiller/Tools/dt.d-WIP/dt-Overview_files slide0060.htm
2009.07.30 16:58 B c:\rmiller\dt.d-WIP\dt-Overview_files\slide0061.htm --> roanoke.rtp.netapp.com /u/rtmiller/Tools/dt.d-WIP/dt-Overview_files slide0061.htm
2009.07.30 16:58 B c:\rmiller\dt.d-WIP\dt-Overview_files\slide0062.htm --> roanoke.rtp.netapp.com /u/rtmiller/Tools/dt.d-WIP/dt-Overview_files slide0062.htm
2009.07.30 16:58 B c:\rmiller\dt.d-WIP\dt-Overview_files\slide0062_image004.png --> roanoke.rtp.netapp.com /u/rtmiller/Tools/dt.d-WIP/dt-Overview_files slide0062_image004.png
2009.07.30 16:58 B c:\rmiller\dt.d-WIP\dt-Overview_files\slide0062_image005.gif --> roanoke.rtp.netapp.com /u/rtmiller/Tools/dt.d-WIP/dt-Overview_files slide0062_image005.gif
2009.07.30 16:58 B c:\rmiller\dt.d-WIP\dt-Overview_files\slide0063.htm --> roanoke.rtp.netapp.com /u/rtmiller/Tools/dt.d-WIP/dt-Overview_files slide0063.htm
2009.07.30 16:58 B c:\rmiller\dt.d-WIP\dt-Overview_files\slide0063_image008.png --> roanoke.rtp.netapp.com /u/rtmiller/Tools/dt.d-WIP/dt-Overview_files slide0063_image008.png
2009.07.30 16:58 B c:\rmiller\dt.d-WIP\dt-Overview_files\slide0063_image009.gif --> roanoke.rtp.netapp.com /u/rtmiller/Tools/dt.d-WIP/dt-Overview_files slide0063_image009.gif
2009.07.30 16:58 B c:\rmiller\dt.d-WIP\dt-Overview_files\slide0064.htm --> roanoke.rtp.netapp.com /u/rtmiller/Tools/dt.d-WIP/dt-Overview_files slide0064.htm
2009.07.30 16:58 B c:\rmiller\dt.d-WIP\dt-Overview_files\slide0064_image006.png --> roanoke.rtp.netapp.com /u/rtmiller/Tools/dt.d-WIP/dt-Overview_files slide0064_image006.png
2009.07.30 16:58 B c:\rmiller\dt.d-WIP\dt-Overview_files\slide0064_image007.gif --> roanoke.rtp.netapp.com /u/rtmiller/Tools/dt.d-WIP/dt-Overview_files slide0064_image007.gif
2009.07.30 16:58 B c:\rmiller\dt.d-WIP\dt-Overview_files\slide0065.htm --> roanoke.rtp.netapp.com /u/rtmiller/Tools/dt.d-WIP/dt-Overview_files slide0065.htm
2009.07.30 16:58 B c:\rmiller\dt.d-WIP\dt-Overview_files\slide0065_image012.png --> roanoke.rtp.netapp.com /u/rtmiller/Tools/dt.d-WIP/dt-Overview_files slide0065_image012.png
2009.07.30 16:58 B c:\rmiller\dt.d-WIP\dt-Overview_files\slide0065_image013.gif --> roanoke.rtp.netapp.com /u/rtmiller/Tools/dt.d-WIP/dt-Overview_files slide0065_image013.gif
2009.07.30 16:58 B c:\rmiller\dt.d-WIP\dt-Overview_files\slide0066.htm --> roanoke.rtp.netapp.com /u/rtmiller/Tools/dt.d-WIP/dt-Overview_files slide0066.htm
2009.07.30 16:58 B c:\rmiller\dt.d-WIP\dt-Overview_files\slide0067.htm --> roanoke.rtp.netapp.com /u/rtmiller/Tools/dt.d-WIP/dt-Overview_files slide0067.htm
2009.07.30 16:58 B c:\rmiller\dt.d-WIP\dt-Overview_files\slide0068.htm --> roanoke.rtp.netapp.com /u/rtmiller/Tools/dt.d-WIP/dt-Overview_files slide0068.htm
2009.07.30 16:58 B c:\rmiller\dt.d-WIP\dt-Overview_files\slide0068_image010.png --> roanoke.rtp.netapp.com /u/rtmiller/Tools/dt.d-WIP/dt-Overview_files slide0068_image010.png
2009.07.30 16:58 B c:\rmiller\dt.d-WIP\dt-Overview_files\slide0068_image011.gif --> roanoke.rtp.netapp.com /u/rtmiller/Tools/dt.d-WIP/dt-Overview_files slide0068_image011.gif
