c:\cygwin64\home\rmill7198650\dt.v21-wip\windows\x64\debug\vc140.pdb
c:\cygwin64\home\rmill7198650\dt.v21\windows\x64\debug\vc140.pdb
c:\cygwin64\home\rmill7198650\dt.v21\windows\x64\debug\dtutil.obj
c:\cygwin64\home\rmill7198650\dt.v21\windows\x64\debug\dtusage.obj
c:\cygwin64\home\rmill7198650\dt.v21\windows\x64\debug\dtstats.obj
c:\cygwin64\home\rmill7198650\dt.v21\windows\x64\debug\dtscsi.obj
c:\cygwin64\home\rmill7198650\dt.v21\windows\x64\debug\dtread.obj
c:\cygwin64\home\rmill7198650\dt.v21\windows\x64\debug\dtprocs.obj
c:\cygwin64\home\rmill7198650\dt.v21\windows\x64\debug\dtprint.obj
c:\cygwin64\home\rmill7198650\dt.v21\windows\x64\debug\dtmtrand64.obj
c:\cygwin64\home\rmill7198650\dt.v21\windows\x64\debug\dtmem.obj
c:\cygwin64\home\rmill7198650\dt.v21\windows\x64\debug\dtjobs.obj
c:\cygwin64\home\rmill7198650\dt.v21\windows\x64\debug\dtiot.obj
c:\cygwin64\home\rmill7198650\dt.v21\windows\x64\debug\dtinfo.obj
c:\cygwin64\home\rmill7198650\dt.v21\windows\x64\debug\dthist.obj
c:\cygwin64\home\rmill7198650\dt.v21\windows\x64\debug\dtgen.obj
c:\cygwin64\home\rmill7198650\dt.v21\windows\x64\debug\dtfs.obj
c:\cygwin64\home\rmill7198650\dt.v21\windows\x64\debug\dtfmt.obj
c:\cygwin64\home\rmill7198650\dt.v21\windows\x64\debug\dtbtag.obj
c:\cygwin64\home\rmill7198650\dt.v21\windows\x64\debug\dtapp.obj
c:\cygwin64\home\rmill7198650\dt.v21\windows\x64\debug\dtaio.obj
c:\cygwin64\home\rmill7198650\dt.v21\windows\x64\debug\dt.obj
c:\cygwin64\home\rmill7198650\dt.v21\windows\x64\debug\scsilib.obj
c:\cygwin64\home\rmill7198650\dt.v21\windows\x64\debug\scsidata.obj
c:\cygwin64\home\rmill7198650\dt.v21\windows\x64\debug\libscsi.obj
c:\cygwin64\home\rmill7198650\dt.v21\windows\x64\debug\dtwrite.obj
c:\cygwin64\home\rmill7198650\dt.v21\windows\x64\debug\dtworkloads.obj
c:\cygwin64\home\rmill7198650\dt.v21\windows\x64\debug\dtwin.obj
c:\cygwin64\home\rmill7198650\dt.v21\windows\x64\debug\dtverify.obj
c:\cygwin64\home\rmill7198650\dt.v21-wip\windows\x64\debug\dt.ilk
c:\cygwin64\home\rmill7198650\dt.v21-wip\windows\x64\debug\dt.exe
c:\cygwin64\home\rmill7198650\dt.v21-wip\windows\x64\debug\dt.pdb
c:\cygwin64\home\rmill7198650\dt.v21\windows\x64\debug\dt.ilk
c:\cygwin64\home\rmill7198650\dt.v21\windows\x64\debug\dt.exe
c:\cygwin64\home\rmill7198650\dt.v21\windows\x64\debug\dt.pdb
c:\cygwin64\home\rmill7198650\dt.v21\windows\x64\debug\dt.tlog\cl.command.1.tlog
c:\cygwin64\home\rmill7198650\dt.v21\windows\x64\debug\dt.tlog\cl.read.1.tlog
c:\cygwin64\home\rmill7198650\dt.v21\windows\x64\debug\dt.tlog\cl.write.1.tlog
c:\cygwin64\home\rmill7198650\dt.v21\windows\x64\debug\dt.tlog\link.command.1.tlog
c:\cygwin64\home\rmill7198650\dt.v21\windows\x64\debug\dt.tlog\link.read.1.tlog
c:\cygwin64\home\rmill7198650\dt.v21\windows\x64\debug\dt.tlog\link.write.1.tlog
