  dt.c
  dtaio.c
  dtbtag.c
  dtfmt.c
  dtfs.c
  dtgen.c
  dthist.c
  dtinfo.c
  dtiot.c
  dtjobs.c
  dtmem.c
  dtmtrand64.c
  dtprint.c
  dtprocs.c
  dtread.c
  dtscsi.c
  dtstats.c
  dtusage.c
  dtutil.c
  dtverify.c
  Generating Code...
  Compiling...
  dtwin.c
c:\cygwin64\home\millerob\github\dt\windows\dtwin.c(245): warning C4311: 'type cast': pointer truncation from 'void *' to 'unsigned int'
c:\cygwin64\home\millerob\github\dt\windows\dtwin.c(1318): warning C4996: 'GetVersionExA': was declared deprecated
  c:\program files (x86)\windows kits\10\include\10.0.17134.0\um\sysinfoapi.h(378): note: see declaration of 'GetVersionExA'
  dtworkloads.c
  dtwrite.c
  libscsi.c
  scsidata.c
  scsilib.c
  Generating Code...
  dt.vcxproj -> C:\cygwin64\home\millerob\GitHub\dt\windows\x64\Debug\dt.exe
